#
# There is insufficient memory for the Java Runtime Environment to continue.
# Native memory allocation (mmap) failed to map 266338304 bytes for G1 virtual space
# Possible reasons:
#   The system is out of physical RAM or swap space
#   The process is running with CompressedOops enabled, and the Java Heap may be blocking the growth of the native heap
# Possible solutions:
#   Reduce memory load on the system
#   Increase physical memory or swap space
#   Check if swap backing store is full
#   Decrease Java heap size (-Xmx/-Xms)
#   Decrease number of Java threads
#   Decrease Java thread stack sizes (-Xss)
#   Set larger code cache with -XX:ReservedCodeCacheSize=
#   JVM is running with Zero Based Compressed Oops mode in which the Java heap is
#     placed in the first 32GB address space. The Java Heap base address is the
#     maximum limit for the native heap growth. Please use -XX:HeapBaseMinAddress
#     to set the Java Heap base and to place the Java Heap above 32GB virtual address.
# This output file may be truncated or incomplete.
#
#  Out of Memory Error (os_windows.cpp:3559), pid=17892, tid=7456
#
# JRE version:  (17.0.7+7) (build )
# Java VM: OpenJDK 64-Bit Server VM (17.0.7+7, mixed mode, sharing, tiered, compressed oops, compressed class ptrs, g1 gc, windows-amd64)
# No core dump will be written. Minidumps are not enabled by default on client versions of Windows
#

---------------  S U M M A R Y ------------

Command Line: -agentlib:jdwp=transport=dt_socket,server=n,suspend=y,address=localhost:60563 -XX:+ShowCodeDetailsInExceptionMessages --module-path=C:\Users\flala\Documents\HFTM\OOP\MinesweeperFX\minesweeperfx\target\classes;C:\Users\flala\.m2\repository\org\openjfx\javafx-controls\17.0.6\javafx-controls-17.0.6-win.jar;C:\Users\flala\.m2\repository\org\openjfx\javafx-graphics\17.0.6\javafx-graphics-17.0.6-win.jar;C:\Users\flala\.m2\repository\org\openjfx\javafx-base\17.0.6\javafx-base-17.0.6-win.jar;C:\Users\flala\.m2\repository\org\openjfx\javafx-fxml\17.0.6\javafx-fxml-17.0.6-win.jar -Djdk.module.main=ch.hftm ch.hftm/ch.hftm.App

Host: Intel(R) Core(TM) i7-8565U CPU @ 1.80GHz, 8 cores, 15G,  Windows 10 , 64 bit Build 19041 (10.0.19041.2546)
Time: Thu Jun 29 23:50:23 2023 Mitteleuropäische Sommerzeit elapsed time: 0.013750 seconds (0d 0h 0m 0s)

---------------  T H R E A D  ---------------

Current thread (0x00000202746702d0):  JavaThread "Unknown thread" [_thread_in_vm, id=7456, stack(0x0000004934500000,0x0000004934600000)]

Stack: [0x0000004934500000,0x0000004934600000]
Native frames: (J=compiled Java code, j=interpreted, Vv=VM code, C=native code)
V  [jvm.dll+0x67754a]
V  [jvm.dll+0x834304]
V  [jvm.dll+0x835aae]
V  [jvm.dll+0x836113]
V  [jvm.dll+0x24696f]
V  [jvm.dll+0x6743f9]
V  [jvm.dll+0x668c8a]
V  [jvm.dll+0x3061bb]
V  [jvm.dll+0x30d6a6]
V  [jvm.dll+0x35cece]
V  [jvm.dll+0x35d0ff]
V  [jvm.dll+0x2dd048]
V  [jvm.dll+0x2ddfb4]
V  [jvm.dll+0x8066d1]
V  [jvm.dll+0x36ac91]
V  [jvm.dll+0x7e5cec]
V  [jvm.dll+0x3ed56f]
V  [jvm.dll+0x3ef0a1]
C  [jli.dll+0x528b]
C  [ucrtbase.dll+0x21bb2]
C  [KERNEL32.DLL+0x17614]
C  [ntdll.dll+0x526a1]


---------------  P R O C E S S  ---------------

Threads class SMR info:
_java_thread_list=0x00007ffc9ad57018, length=0, elements={
}

Java Threads: ( => current thread )

Other Threads:
  0x00000202746d9eb0 GCTaskThread "GC Thread#0" [stack: 0x0000004934600000,0x0000004934700000] [id=15200]
  0x00000202746ebc00 ConcurrentGCThread "G1 Main Marker" [stack: 0x0000004934700000,0x0000004934800000] [id=10044]
  0x00000202746ec610 ConcurrentGCThread "G1 Conc#0" [stack: 0x0000004934800000,0x0000004934900000] [id=4004]

[error occurred during error reporting (printing all threads), id 0xc0000005, EXCEPTION_ACCESS_VIOLATION (0xc0000005) at pc=0x00007ffc9a52daf7]

VM state: not at safepoint (not fully initialized)

VM Mutex/Monitor currently owned by a thread:  ([mutex/lock_event])
[0x000002027466a680] Heap_lock - owner thread: 0x00000202746702d0

Heap address: 0x0000000702000000, size: 4064 MB, Compressed Oops mode: Zero based, Oop shift amount: 3

CDS archive(s) mapped at: [0x0000000000000000-0x0000000000000000-0x0000000000000000), size 0, SharedBaseAddress: 0x0000000800000000, ArchiveRelocationMode: 0.
Narrow klass base: 0x0000000000000000, Narrow klass shift: 0, Narrow klass range: 0x0

GC Precious Log:
<Empty>

Heap:
 garbage-first heap   total 0K, used 0K [0x0000000702000000, 0x0000000800000000)
  region size 2048K, 0 young (0K), 0 survivors (0K)

[error occurred during error reporting (printing heap information), id 0xc0000005, EXCEPTION_ACCESS_VIOLATION (0xc0000005) at pc=0x00007ffc9a910db9]

GC Heap History (0 events):
No events

Dll operation events (1 events):
Event: 0.007 Loaded shared library C:\Users\flala\.vscode\extensions\redhat.java-1.20.0-win32-x64\jre\17.0.7-win32-x86_64\bin\java.dll

Deoptimization events (0 events):
No events

Classes unloaded (0 events):
No events

Classes redefined (0 events):
No events

Internal exceptions (0 events):
No events

VM Operations (0 events):
No events

Events (0 events):
No events


Dynamic libraries:
0x00007ff6e56b0000 - 0x00007ff6e56be000 	C:\Users\flala\.vscode\extensions\redhat.java-1.20.0-win32-x64\jre\17.0.7-win32-x86_64\bin\java.exe
0x00007ffce89f0000 - 0x00007ffce8be8000 	C:\WINDOWS\SYSTEM32\ntdll.dll
0x00007ffce8290000 - 0x00007ffce834f000 	C:\WINDOWS\System32\KERNEL32.DLL
0x00007ffce6240000 - 0x00007ffce6512000 	C:\WINDOWS\System32\KERNELBASE.dll
0x00007ffce6820000 - 0x00007ffce6920000 	C:\WINDOWS\System32\ucrtbase.dll
0x00007ffcdfa10000 - 0x00007ffcdfa27000 	C:\Users\flala\.vscode\extensions\redhat.java-1.20.0-win32-x64\jre\17.0.7-win32-x86_64\bin\jli.dll
0x00007ffcde410000 - 0x00007ffcde429000 	C:\Users\flala\.vscode\extensions\redhat.java-1.20.0-win32-x64\jre\17.0.7-win32-x86_64\bin\VCRUNTIME140.dll
0x00007ffce7510000 - 0x00007ffce76b1000 	C:\WINDOWS\System32\USER32.dll
0x00007ffce60f0000 - 0x00007ffce6112000 	C:\WINDOWS\System32\win32u.dll
0x00007ffcc2830000 - 0x00007ffcc2aca000 	C:\WINDOWS\WinSxS\amd64_microsoft.windows.common-controls_6595b64144ccf1df_6.0.19041.1110_none_60b5254171f9507e\COMCTL32.dll
0x00007ffce8710000 - 0x00007ffce873b000 	C:\WINDOWS\System32\GDI32.dll
0x00007ffce8670000 - 0x00007ffce870e000 	C:\WINDOWS\System32\msvcrt.dll
0x00007ffce6520000 - 0x00007ffce662f000 	C:\WINDOWS\System32\gdi32full.dll
0x00007ffce6950000 - 0x00007ffce69ed000 	C:\WINDOWS\System32\msvcp_win.dll
0x00007ffce83f0000 - 0x00007ffce8420000 	C:\WINDOWS\System32\IMM32.DLL
0x00007ffce1060000 - 0x00007ffce106c000 	C:\Users\flala\.vscode\extensions\redhat.java-1.20.0-win32-x64\jre\17.0.7-win32-x86_64\bin\vcruntime140_1.dll
0x00007ffcb4820000 - 0x00007ffcb48b1000 	C:\Users\flala\.vscode\extensions\redhat.java-1.20.0-win32-x64\jre\17.0.7-win32-x86_64\bin\msvcp140.dll
0x00007ffc9a240000 - 0x00007ffc9ae88000 	C:\Users\flala\.vscode\extensions\redhat.java-1.20.0-win32-x64\jre\17.0.7-win32-x86_64\bin\server\jvm.dll
0x00007ffce8420000 - 0x00007ffce84ce000 	C:\WINDOWS\System32\ADVAPI32.dll
0x00007ffce8350000 - 0x00007ffce83ec000 	C:\WINDOWS\System32\sechost.dll
0x00007ffce7bd0000 - 0x00007ffce7cf4000 	C:\WINDOWS\System32\RPCRT4.dll
0x00007ffcd6d90000 - 0x00007ffcd6d99000 	C:\WINDOWS\SYSTEM32\WSOCK32.dll
0x00007ffcc7150000 - 0x00007ffcc7177000 	C:\WINDOWS\SYSTEM32\WINMM.dll
0x00007ffce4d80000 - 0x00007ffce4d8a000 	C:\WINDOWS\SYSTEM32\VERSION.dll
0x00007ffce7840000 - 0x00007ffce78ab000 	C:\WINDOWS\System32\WS2_32.dll
0x00007ffce4a60000 - 0x00007ffce4a72000 	C:\WINDOWS\SYSTEM32\kernel.appcore.dll
0x00007ffce02a0000 - 0x00007ffce02aa000 	C:\Users\flala\.vscode\extensions\redhat.java-1.20.0-win32-x64\jre\17.0.7-win32-x86_64\bin\jimage.dll
0x00007ffce3a20000 - 0x00007ffce3c04000 	C:\WINDOWS\SYSTEM32\DBGHELP.DLL
0x00007ffccd760000 - 0x00007ffccd795000 	C:\WINDOWS\SYSTEM32\dbgcore.DLL
0x00007ffce6790000 - 0x00007ffce6812000 	C:\WINDOWS\System32\bcryptPrimitives.dll
0x00007ffcd88f0000 - 0x00007ffcd892b000 	C:\Users\flala\.vscode\extensions\redhat.java-1.20.0-win32-x64\jre\17.0.7-win32-x86_64\bin\jdwp.dll
0x00007ffcbf8e0000 - 0x00007ffcbf905000 	C:\Users\flala\.vscode\extensions\redhat.java-1.20.0-win32-x64\jre\17.0.7-win32-x86_64\bin\java.dll

dbghelp: loaded successfully - version: 4.0.5 - missing functions: none
symbol engine: initialized successfully - sym options: 0x614 - pdb path: .;C:\Users\flala\.vscode\extensions\redhat.java-1.20.0-win32-x64\jre\17.0.7-win32-x86_64\bin;C:\WINDOWS\SYSTEM32;C:\WINDOWS\WinSxS\amd64_microsoft.windows.common-controls_6595b64144ccf1df_6.0.19041.1110_none_60b5254171f9507e;C:\Users\flala\.vscode\extensions\redhat.java-1.20.0-win32-x64\jre\17.0.7-win32-x86_64\bin\server

VM Arguments:
jvm_args: -agentlib:jdwp=transport=dt_socket,server=n,suspend=y,address=localhost:60563 -XX:+ShowCodeDetailsInExceptionMessages --module-path=C:\Users\flala\Documents\HFTM\OOP\MinesweeperFX\minesweeperfx\target\classes;C:\Users\flala\.m2\repository\org\openjfx\javafx-controls\17.0.6\javafx-controls-17.0.6-win.jar;C:\Users\flala\.m2\repository\org\openjfx\javafx-graphics\17.0.6\javafx-graphics-17.0.6-win.jar;C:\Users\flala\.m2\repository\org\openjfx\javafx-base\17.0.6\javafx-base-17.0.6-win.jar;C:\Users\flala\.m2\repository\org\openjfx\javafx-fxml\17.0.6\javafx-fxml-17.0.6-win.jar -Djdk.module.main=ch.hftm 
java_command: ch.hftm/ch.hftm.App
java_class_path (initial): C:\Users\flala\.m2\repository\org\openjfx\javafx-controls\17.0.6\javafx-controls-17.0.6.jar;C:\Users\flala\.m2\repository\org\openjfx\javafx-graphics\17.0.6\javafx-graphics-17.0.6.jar;C:\Users\flala\.m2\repository\org\openjfx\javafx-base\17.0.6\javafx-base-17.0.6.jar;C:\Users\flala\.m2\repository\org\openjfx\javafx-fxml\17.0.6\javafx-fxml-17.0.6.jar
Launcher Type: SUN_STANDARD

[Global flags]
     intx CICompilerCount                          = 4                                         {product} {ergonomic}
     uint ConcGCThreads                            = 2                                         {product} {ergonomic}
     uint G1ConcRefinementThreads                  = 8                                         {product} {ergonomic}
   size_t G1HeapRegionSize                         = 2097152                                   {product} {ergonomic}
    uintx GCDrainStackTargetSize                   = 64                                        {product} {ergonomic}
   size_t InitialHeapSize                          = 266338304                                 {product} {ergonomic}
   size_t MarkStackSize                            = 4194304                                   {product} {ergonomic}
   size_t MaxHeapSize                              = 4261412864                                {product} {ergonomic}
   size_t MinHeapDeltaBytes                        = 2097152                                   {product} {ergonomic}
   size_t MinHeapSize                              = 8388608                                   {product} {ergonomic}
    uintx NonNMethodCodeHeapSize                   = 5839372                                {pd product} {ergonomic}
    uintx NonProfiledCodeHeapSize                  = 122909434                              {pd product} {ergonomic}
    uintx ProfiledCodeHeapSize                     = 122909434                              {pd product} {ergonomic}
    uintx ReservedCodeCacheSize                    = 251658240                              {pd product} {ergonomic}
     bool SegmentedCodeCache                       = true                                      {product} {ergonomic}
     bool ShowCodeDetailsInExceptionMessages       = true                                   {manageable} {command line}
   size_t SoftMaxHeapSize                          = 4261412864                             {manageable} {ergonomic}
     bool UseCompressedClassPointers               = true                           {product lp64_product} {ergonomic}
     bool UseCompressedOops                        = true                           {product lp64_product} {ergonomic}
     bool UseG1GC                                  = true                                      {product} {ergonomic}
     bool UseLargePagesIndividualAllocation        = false                                  {pd product} {ergonomic}

Logging:
Log output configuration:
 #0: stdout all=warning uptime,level,tags
 #1: stderr all=off uptime,level,tags

Environment Variables:
JAVA_HOME=C:\Program Files\Eclipse Adoptium\jdk-17.0.5.8-hotspot\
PATH=C:\Program Files\Common Files\Oracle\Java\javapath;C:\Program Files (x86)\Common Files\Oracle\Java\javapath;C:\Program Files\Eclipse Adoptium\jdk-17.0.5.8-hotspot\bin;C:\windows\system32;C:\windows;C:\windows\System32\Wbem;C:\windows\System32\WindowsPowerShell\v1.0\;C:\windows\System32\OpenSSH\;C:\Program Files (x86)\NVIDIA Corporation\PhysX\Common;C:\WINDOWS\system32;C:\WINDOWS;C:\WINDOWS\System32\Wbem;C:\WINDOWS\System32\WindowsPowerShell\v1.0\;C:\WINDOWS\System32\OpenSSH\;C:\composer;C:\Program Files\nodejs\;C:\Program Files (x86)\Intel\Intel(R) Management Engine Components\DAL;C:\Program Files\Intel\Intel(R) Management Engine Components\DAL;C:\Users\flala\Documents\HFTM\Maven\apache-maven-3.8.7\bin;C:\Program Files\Git\cmd;C:\Program Files\PuTTY\;C:\Program Files\Docker\Docker\resources\bin;C:\Users\flala\AppData\Local\Programs\Python\Python311\Scripts\;C:\Users\flala\AppData\Local\Programs\Python\Python311\;C:\Users\flala\AppData\Local\Microsoft\WindowsApps;C:\Program Files\JetBrains\IntelliJ IDEA Community Edition 2021.2.3\bin;C:\xampp\php;C:\xampp\mysql\bin;C:\Users\flala\AppData\Roaming\Composer\vendor\bin;C:\Users\flala\AppData\Local\atom\bin;C:\Users\flala\AppData\Roaming\npm;C:\Users\flala\AppData\Roaming\npm;C:\Users\flala\AppData\Local\Programs\Microsoft VS Code\bin;C:\Program Files\sqlcl\bin;
USERNAME=flala
LANG=en_US.UTF-8
OS=Windows_NT
PROCESSOR_IDENTIFIER=Intel64 Family 6 Model 142 Stepping 12, GenuineIntel
TMP=C:\Users\flala\AppData\Local\Temp
TEMP=C:\Users\flala\AppData\Local\Temp



---------------  S Y S T E M  ---------------

OS:
 Windows 10 , 64 bit Build 19041 (10.0.19041.2546)
OS uptime: 23 days 4:08 hours
Hyper-V role detected

CPU: total 8 (initial active 8) (4 cores per cpu, 2 threads per core) family 6 model 142 stepping 12 microcode 0xec, cx8, cmov, fxsr, ht, mmx, 3dnowpref, sse, sse2, sse3, ssse3, sse4.1, sse4.2, popcnt, lzcnt, tsc, tscinvbit, avx, avx2, aes, erms, clmul, bmi1, bmi2, adx, fma, vzeroupper, clflush, clflushopt, hv

Memory: 4k page, system-wide physical 16254M (2400M free)
TotalPageFile size 16254M (AvailPageFile size 141M)
current process WorkingSet (physical memory assigned to process): 10M, peak: 10M
current process commit charge ("private bytes"): 60M, peak: 314M

vm_info: OpenJDK 64-Bit Server VM (17.0.7+7) for windows-amd64 JRE (17.0.7+7), built on Apr 18 2023 22:10:42 by "temurin" with MS VC++ 16.7 (VS2019)

END.
