#
# There is insufficient memory for the Java Runtime Environment to continue.
# Native memory allocation (malloc) failed to allocate 32744 bytes for ChunkPool::allocate
# Possible reasons:
#   The system is out of physical RAM or swap space
#   The process is running with CompressedOops enabled, and the Java Heap may be blocking the growth of the native heap
# Possible solutions:
#   Reduce memory load on the system
#   Increase physical memory or swap space
#   Check if swap backing store is full
#   Decrease Java heap size (-Xmx/-Xms)
#   Decrease number of Java threads
#   Decrease Java thread stack sizes (-Xss)
#   Set larger code cache with -XX:ReservedCodeCacheSize=
#   JVM is running with Zero Based Compressed Oops mode in which the Java heap is
#     placed in the first 32GB address space. The Java Heap base address is the
#     maximum limit for the native heap growth. Please use -XX:HeapBaseMinAddress
#     to set the Java Heap base and to place the Java Heap above 32GB virtual address.
# This output file may be truncated or incomplete.
#
#  Out of Memory Error (arena.cpp:78), pid=7496, tid=16056
#
# JRE version: OpenJDK Runtime Environment Temurin-17.0.7+7 (17.0.7+7) (build 17.0.7+7)
# Java VM: OpenJDK 64-Bit Server VM Temurin-17.0.7+7 (17.0.7+7, mixed mode, tiered, compressed oops, compressed class ptrs, g1 gc, windows-amd64)
# No core dump will be written. Minidumps are not enabled by default on client versions of Windows
#

---------------  S U M M A R Y ------------

Command Line: -agentlib:jdwp=transport=dt_socket,server=n,suspend=y,address=localhost:60359 -XX:+ShowCodeDetailsInExceptionMessages --module-path=C:\Users\flala\Documents\HFTM\OOP\MinesweeperFX\minesweeperfx\target\classes;C:\Users\flala\.m2\repository\org\openjfx\javafx-controls\17.0.6\javafx-controls-17.0.6-win.jar;C:\Users\flala\.m2\repository\org\openjfx\javafx-graphics\17.0.6\javafx-graphics-17.0.6-win.jar;C:\Users\flala\.m2\repository\org\openjfx\javafx-base\17.0.6\javafx-base-17.0.6-win.jar;C:\Users\flala\.m2\repository\org\openjfx\javafx-fxml\17.0.6\javafx-fxml-17.0.6-win.jar -Djdk.module.main=ch.hftm ch.hftm/ch.hftm.App

Host: Intel(R) Core(TM) i7-8565U CPU @ 1.80GHz, 8 cores, 15G,  Windows 10 , 64 bit Build 19041 (10.0.19041.2546)
Time: Thu Jun 29 23:48:48 2023 Mitteleuropäische Sommerzeit elapsed time: 1.686053 seconds (0d 0h 0m 1s)

---------------  T H R E A D  ---------------

Current thread (0x00000190f3114430):  JavaThread "QuantumRenderer-0" daemon [_thread_in_vm, id=16056, stack(0x000000359eb00000,0x000000359ec00000)]

Stack: [0x000000359eb00000,0x000000359ec00000]
Native frames: (J=compiled Java code, j=interpreted, Vv=VM code, C=native code)
V  [jvm.dll+0x67754a]
V  [jvm.dll+0x834304]
V  [jvm.dll+0x835aae]
V  [jvm.dll+0x836113]
V  [jvm.dll+0x24696f]
V  [jvm.dll+0xac2cc]
V  [jvm.dll+0xac67c]
V  [jvm.dll+0x1f33ba]
V  [jvm.dll+0x1f2002]
V  [jvm.dll+0x7af05b]
V  [jvm.dll+0x7b0402]
V  [jvm.dll+0x7b0b99]
V  [jvm.dll+0x1ec6a4]
V  [jvm.dll+0x1e18aa]
V  [jvm.dll+0x53ea50]
V  [jvm.dll+0x1f2067]
V  [jvm.dll+0x7af05b]
V  [jvm.dll+0x7b0402]
V  [jvm.dll+0x7b0738]
V  [jvm.dll+0x23ec6e]
V  [jvm.dll+0x380a4e]
C  0x00000190da0c7704

Java frames: (J=compiled Java code, j=interpreted, Vv=VM code)
j  java.lang.Throwable.printStackTrace(Ljava/io/PrintStream;)V+1 java.base@17.0.7
j  com.sun.javafx.tk.quantum.PresentingPainter.run()V+546 javafx.graphics
j  java.util.concurrent.Executors$RunnableAdapter.call()Ljava/lang/Object;+4 java.base@17.0.7
j  java.util.concurrent.FutureTask.runAndReset()Z+44 java.base@17.0.7
j  com.sun.javafx.tk.RenderJob.run()V+1 javafx.graphics
j  java.util.concurrent.ThreadPoolExecutor.runWorker(Ljava/util/concurrent/ThreadPoolExecutor$Worker;)V+92 java.base@17.0.7
j  java.util.concurrent.ThreadPoolExecutor$Worker.run()V+5 java.base@17.0.7
j  com.sun.javafx.tk.quantum.QuantumRenderer$PipelineRunnable.run()V+8 javafx.graphics
j  java.lang.Thread.run()V+11 java.base@17.0.7
v  ~StubRoutines::call_stub

---------------  P R O C E S S  ---------------

Threads class SMR info:
_java_thread_list=0x00000190f9a75990, length=22, elements={
0x00000190cfee3b10, 0x00000190f203d030, 0x00000190f203d9f0, 0x00000190f2078140,
0x00000190f207aa10, 0x00000190f207b3c0, 0x00000190f207bd70, 0x00000190f207ca50,
0x00000190f207d4f0, 0x00000190f208c350, 0x00000190f21d2bf0, 0x00000190f22a0110,
0x00000190f2a73b80, 0x00000190f2bdac30, 0x00000190f2b5e3b0, 0x00000190f2a1f0d0,
0x00000190f3114430, 0x00000190f33db390, 0x00000190f33f9380, 0x00000190f360ce20,
0x00000190f3635330, 0x00000190f38ffc00
}

Java Threads: ( => current thread )
  0x00000190cfee3b10 JavaThread "main" [_thread_blocked, id=19164, stack(0x000000359d900000,0x000000359da00000)]
  0x00000190f203d030 JavaThread "Reference Handler" daemon [_thread_blocked, id=11148, stack(0x000000359e000000,0x000000359e100000)]
  0x00000190f203d9f0 JavaThread "Finalizer" daemon [_thread_blocked, id=3296, stack(0x000000359e100000,0x000000359e200000)]
  0x00000190f2078140 JavaThread "Signal Dispatcher" daemon [_thread_blocked, id=17216, stack(0x000000359e200000,0x000000359e300000)]
  0x00000190f207aa10 JavaThread "Attach Listener" daemon [_thread_blocked, id=20472, stack(0x000000359e300000,0x000000359e400000)]
  0x00000190f207b3c0 JavaThread "Service Thread" daemon [_thread_blocked, id=20576, stack(0x000000359e400000,0x000000359e500000)]
  0x00000190f207bd70 JavaThread "Monitor Deflation Thread" daemon [_thread_blocked, id=10588, stack(0x000000359e500000,0x000000359e600000)]
  0x00000190f207ca50 JavaThread "C2 CompilerThread0" daemon [_thread_in_native, id=9156, stack(0x000000359e600000,0x000000359e700000)]
  0x00000190f207d4f0 JavaThread "C1 CompilerThread0" daemon [_thread_blocked, id=16700, stack(0x000000359e700000,0x000000359e800000)]
  0x00000190f208c350 JavaThread "Sweeper thread" daemon [_thread_blocked, id=13848, stack(0x000000359e800000,0x000000359e900000)]
  0x00000190f21d2bf0 JavaThread "Common-Cleaner" daemon [_thread_blocked, id=21416, stack(0x000000359e900000,0x000000359ea00000)]
  0x00000190f22a0110 JavaThread "C2 CompilerThread1" daemon [_thread_in_native, id=9876, stack(0x000000359ea00000,0x000000359eb00000)]
  0x00000190f2a73b80 JavaThread "JDWP Transport Listener: dt_socket" daemon [_thread_blocked, id=16732, stack(0x000000359ec00000,0x000000359ed00000)]
  0x00000190f2bdac30 JavaThread "JDWP Event Helper Thread" daemon [_thread_blocked, id=21148, stack(0x000000359ed00000,0x000000359ee00000)]
  0x00000190f2b5e3b0 JavaThread "JDWP Command Reader" daemon [_thread_in_native, id=17792, stack(0x000000359ee00000,0x000000359ef00000)]
  0x00000190f2a1f0d0 JavaThread "Notification Thread" daemon [_thread_blocked, id=14292, stack(0x000000359ef00000,0x000000359f000000)]
=>0x00000190f3114430 JavaThread "QuantumRenderer-0" daemon [_thread_in_vm, id=16056, stack(0x000000359eb00000,0x000000359ec00000)]
  0x00000190f33db390 JavaThread "InvokeLaterDispatcher" daemon [_thread_blocked, id=10980, stack(0x000000359f100000,0x000000359f200000)]
  0x00000190f33f9380 JavaThread "JavaFX Application Thread" [_thread_in_native, id=19328, stack(0x000000359f200000,0x000000359f300000)]
  0x00000190f360ce20 JavaThread "Thread-1" daemon [_thread_in_native, id=17320, stack(0x000000359f600000,0x000000359f700000)]
  0x00000190f3635330 JavaThread "JavaFX-Launcher" [_thread_blocked, id=1296, stack(0x000000359f700000,0x000000359f800000)]
  0x00000190f38ffc00 JavaThread "Prism Font Disposer" daemon [_thread_blocked, id=17652, stack(0x00000035a0100000,0x00000035a0200000)]

Other Threads:
  0x00000190edfee210 VMThread "VM Thread" [stack: 0x000000359df00000,0x000000359e000000] [id=9992]
  0x00000190cff78c20 WatcherThread [stack: 0x000000359f000000,0x000000359f100000] [id=324]
  0x00000190cff4b460 GCTaskThread "GC Thread#0" [stack: 0x000000359da00000,0x000000359db00000] [id=16748]
  0x00000190f3593cc0 GCTaskThread "GC Thread#1" [stack: 0x000000359f800000,0x000000359f900000] [id=9924]
  0x00000190f3629950 GCTaskThread "GC Thread#2" [stack: 0x000000359f900000,0x000000359fa00000] [id=14660]
  0x00000190f35ad510 GCTaskThread "GC Thread#3" [stack: 0x000000359fa00000,0x000000359fb00000] [id=3136]
  0x00000190f20ad2e0 GCTaskThread "GC Thread#4" [stack: 0x000000359fb00000,0x000000359fc00000] [id=2916]
  0x00000190f36c4950 GCTaskThread "GC Thread#5" [stack: 0x000000359fc00000,0x000000359fd00000] [id=13128]
  0x00000190f36abf80 GCTaskThread "GC Thread#6" [stack: 0x000000359fd00000,0x000000359fe00000] [id=15548]
  0x00000190cff5f460 ConcurrentGCThread "G1 Main Marker" [stack: 0x000000359db00000,0x000000359dc00000] [id=21088]
  0x00000190cff5fd10 ConcurrentGCThread "G1 Conc#0" [stack: 0x000000359dc00000,0x000000359dd00000] [id=16784]
  0x00000190ede7d550 ConcurrentGCThread "G1 Refine#0" [stack: 0x000000359dd00000,0x000000359de00000] [id=11764]
  0x00000190ede7dc20 ConcurrentGCThread "G1 Service" [stack: 0x000000359de00000,0x000000359df00000] [id=10152]

Threads with active compile tasks:
C2 CompilerThread0     1730 1448   !   4       java.util.zip.InflaterInputStream::read (138 bytes)
C2 CompilerThread1     1730 1196   !   4       com.sun.javafx.css.ParsedValueImpl::readBinary (688 bytes)

VM state: not at safepoint (normal execution)

VM Mutex/Monitor currently owned by a thread: None

Heap address: 0x0000000702000000, size: 4064 MB, Compressed Oops mode: Zero based, Oop shift amount: 3

CDS archive(s) not mapped
Compressed class space mapped at: 0x0000000800000000-0x0000000840000000, reserved size: 1073741824
Narrow klass base: 0x0000000800000000, Narrow klass shift: 0, Narrow klass range: 0x40000000

GC Precious Log:
 CPUs: 8 total, 8 available
 Memory: 16254M
 Large Page Support: Disabled
 NUMA Support: Disabled
 Compressed Oops: Enabled (Zero based)
 Heap Region Size: 2M
 Heap Min Capacity: 8M
 Heap Initial Capacity: 254M
 Heap Max Capacity: 4064M
 Pre-touch: Disabled
 Parallel Workers: 8
 Concurrent Workers: 2
 Concurrent Refinement Workers: 8
 Periodic GC: Disabled

Heap:
 garbage-first heap   total 260096K, used 27093K [0x0000000702000000, 0x0000000800000000)
  region size 2048K, 15 young (30720K), 2 survivors (4096K)
 Metaspace       used 18925K, committed 19136K, reserved 1114112K
  class space    used 2333K, committed 2432K, reserved 1048576K

Heap Regions: E=young(eden), S=young(survivor), O=old, HS=humongous(starts), HC=humongous(continues), CS=collection set, F=free, OA=open archive, CA=closed archive, TAMS=top-at-mark-start (previous, next)
|   0|0x0000000702000000, 0x0000000702000000, 0x0000000702200000|  0%| F|  |TAMS 0x0000000702000000, 0x0000000702000000| Untracked 
|   1|0x0000000702200000, 0x0000000702200000, 0x0000000702400000|  0%| F|  |TAMS 0x0000000702200000, 0x0000000702200000| Untracked 
|   2|0x0000000702400000, 0x0000000702400000, 0x0000000702600000|  0%| F|  |TAMS 0x0000000702400000, 0x0000000702400000| Untracked 
|   3|0x0000000702600000, 0x0000000702600000, 0x0000000702800000|  0%| F|  |TAMS 0x0000000702600000, 0x0000000702600000| Untracked 
|   4|0x0000000702800000, 0x0000000702800000, 0x0000000702a00000|  0%| F|  |TAMS 0x0000000702800000, 0x0000000702800000| Untracked 
|   5|0x0000000702a00000, 0x0000000702a00000, 0x0000000702c00000|  0%| F|  |TAMS 0x0000000702a00000, 0x0000000702a00000| Untracked 
|   6|0x0000000702c00000, 0x0000000702c00000, 0x0000000702e00000|  0%| F|  |TAMS 0x0000000702c00000, 0x0000000702c00000| Untracked 
|   7|0x0000000702e00000, 0x0000000702e00000, 0x0000000703000000|  0%| F|  |TAMS 0x0000000702e00000, 0x0000000702e00000| Untracked 
|   8|0x0000000703000000, 0x0000000703000000, 0x0000000703200000|  0%| F|  |TAMS 0x0000000703000000, 0x0000000703000000| Untracked 
|   9|0x0000000703200000, 0x0000000703200000, 0x0000000703400000|  0%| F|  |TAMS 0x0000000703200000, 0x0000000703200000| Untracked 
|  10|0x0000000703400000, 0x0000000703400000, 0x0000000703600000|  0%| F|  |TAMS 0x0000000703400000, 0x0000000703400000| Untracked 
|  11|0x0000000703600000, 0x0000000703600000, 0x0000000703800000|  0%| F|  |TAMS 0x0000000703600000, 0x0000000703600000| Untracked 
|  12|0x0000000703800000, 0x0000000703800000, 0x0000000703a00000|  0%| F|  |TAMS 0x0000000703800000, 0x0000000703800000| Untracked 
|  13|0x0000000703a00000, 0x0000000703a00000, 0x0000000703c00000|  0%| F|  |TAMS 0x0000000703a00000, 0x0000000703a00000| Untracked 
|  14|0x0000000703c00000, 0x0000000703c00000, 0x0000000703e00000|  0%| F|  |TAMS 0x0000000703c00000, 0x0000000703c00000| Untracked 
|  15|0x0000000703e00000, 0x0000000703e00000, 0x0000000704000000|  0%| F|  |TAMS 0x0000000703e00000, 0x0000000703e00000| Untracked 
|  16|0x0000000704000000, 0x0000000704000000, 0x0000000704200000|  0%| F|  |TAMS 0x0000000704000000, 0x0000000704000000| Untracked 
|  17|0x0000000704200000, 0x0000000704200000, 0x0000000704400000|  0%| F|  |TAMS 0x0000000704200000, 0x0000000704200000| Untracked 
|  18|0x0000000704400000, 0x0000000704400000, 0x0000000704600000|  0%| F|  |TAMS 0x0000000704400000, 0x0000000704400000| Untracked 
|  19|0x0000000704600000, 0x0000000704600000, 0x0000000704800000|  0%| F|  |TAMS 0x0000000704600000, 0x0000000704600000| Untracked 
|  20|0x0000000704800000, 0x0000000704800000, 0x0000000704a00000|  0%| F|  |TAMS 0x0000000704800000, 0x0000000704800000| Untracked 
|  21|0x0000000704a00000, 0x0000000704a00000, 0x0000000704c00000|  0%| F|  |TAMS 0x0000000704a00000, 0x0000000704a00000| Untracked 
|  22|0x0000000704c00000, 0x0000000704c00000, 0x0000000704e00000|  0%| F|  |TAMS 0x0000000704c00000, 0x0000000704c00000| Untracked 
|  23|0x0000000704e00000, 0x0000000704e00000, 0x0000000705000000|  0%| F|  |TAMS 0x0000000704e00000, 0x0000000704e00000| Untracked 
|  24|0x0000000705000000, 0x0000000705000000, 0x0000000705200000|  0%| F|  |TAMS 0x0000000705000000, 0x0000000705000000| Untracked 
|  25|0x0000000705200000, 0x0000000705200000, 0x0000000705400000|  0%| F|  |TAMS 0x0000000705200000, 0x0000000705200000| Untracked 
|  26|0x0000000705400000, 0x0000000705400000, 0x0000000705600000|  0%| F|  |TAMS 0x0000000705400000, 0x0000000705400000| Untracked 
|  27|0x0000000705600000, 0x0000000705600000, 0x0000000705800000|  0%| F|  |TAMS 0x0000000705600000, 0x0000000705600000| Untracked 
|  28|0x0000000705800000, 0x0000000705800000, 0x0000000705a00000|  0%| F|  |TAMS 0x0000000705800000, 0x0000000705800000| Untracked 
|  29|0x0000000705a00000, 0x0000000705a00000, 0x0000000705c00000|  0%| F|  |TAMS 0x0000000705a00000, 0x0000000705a00000| Untracked 
|  30|0x0000000705c00000, 0x0000000705c00000, 0x0000000705e00000|  0%| F|  |TAMS 0x0000000705c00000, 0x0000000705c00000| Untracked 
|  31|0x0000000705e00000, 0x0000000705e00000, 0x0000000706000000|  0%| F|  |TAMS 0x0000000705e00000, 0x0000000705e00000| Untracked 
|  32|0x0000000706000000, 0x0000000706000000, 0x0000000706200000|  0%| F|  |TAMS 0x0000000706000000, 0x0000000706000000| Untracked 
|  33|0x0000000706200000, 0x0000000706200000, 0x0000000706400000|  0%| F|  |TAMS 0x0000000706200000, 0x0000000706200000| Untracked 
|  34|0x0000000706400000, 0x0000000706400000, 0x0000000706600000|  0%| F|  |TAMS 0x0000000706400000, 0x0000000706400000| Untracked 
|  35|0x0000000706600000, 0x0000000706600000, 0x0000000706800000|  0%| F|  |TAMS 0x0000000706600000, 0x0000000706600000| Untracked 
|  36|0x0000000706800000, 0x0000000706800000, 0x0000000706a00000|  0%| F|  |TAMS 0x0000000706800000, 0x0000000706800000| Untracked 
|  37|0x0000000706a00000, 0x0000000706a00000, 0x0000000706c00000|  0%| F|  |TAMS 0x0000000706a00000, 0x0000000706a00000| Untracked 
|  38|0x0000000706c00000, 0x0000000706c00000, 0x0000000706e00000|  0%| F|  |TAMS 0x0000000706c00000, 0x0000000706c00000| Untracked 
|  39|0x0000000706e00000, 0x0000000706e00000, 0x0000000707000000|  0%| F|  |TAMS 0x0000000706e00000, 0x0000000706e00000| Untracked 
|  40|0x0000000707000000, 0x0000000707000000, 0x0000000707200000|  0%| F|  |TAMS 0x0000000707000000, 0x0000000707000000| Untracked 
|  41|0x0000000707200000, 0x0000000707200000, 0x0000000707400000|  0%| F|  |TAMS 0x0000000707200000, 0x0000000707200000| Untracked 
|  42|0x0000000707400000, 0x0000000707400000, 0x0000000707600000|  0%| F|  |TAMS 0x0000000707400000, 0x0000000707400000| Untracked 
|  43|0x0000000707600000, 0x0000000707600000, 0x0000000707800000|  0%| F|  |TAMS 0x0000000707600000, 0x0000000707600000| Untracked 
|  44|0x0000000707800000, 0x0000000707800000, 0x0000000707a00000|  0%| F|  |TAMS 0x0000000707800000, 0x0000000707800000| Untracked 
|  45|0x0000000707a00000, 0x0000000707a00000, 0x0000000707c00000|  0%| F|  |TAMS 0x0000000707a00000, 0x0000000707a00000| Untracked 
|  46|0x0000000707c00000, 0x0000000707c00000, 0x0000000707e00000|  0%| F|  |TAMS 0x0000000707c00000, 0x0000000707c00000| Untracked 
|  47|0x0000000707e00000, 0x0000000707e00000, 0x0000000708000000|  0%| F|  |TAMS 0x0000000707e00000, 0x0000000707e00000| Untracked 
|  48|0x0000000708000000, 0x0000000708000000, 0x0000000708200000|  0%| F|  |TAMS 0x0000000708000000, 0x0000000708000000| Untracked 
|  49|0x0000000708200000, 0x0000000708200000, 0x0000000708400000|  0%| F|  |TAMS 0x0000000708200000, 0x0000000708200000| Untracked 
|  50|0x0000000708400000, 0x0000000708400000, 0x0000000708600000|  0%| F|  |TAMS 0x0000000708400000, 0x0000000708400000| Untracked 
|  51|0x0000000708600000, 0x0000000708600000, 0x0000000708800000|  0%| F|  |TAMS 0x0000000708600000, 0x0000000708600000| Untracked 
|  52|0x0000000708800000, 0x0000000708800000, 0x0000000708a00000|  0%| F|  |TAMS 0x0000000708800000, 0x0000000708800000| Untracked 
|  53|0x0000000708a00000, 0x0000000708a00000, 0x0000000708c00000|  0%| F|  |TAMS 0x0000000708a00000, 0x0000000708a00000| Untracked 
|  54|0x0000000708c00000, 0x0000000708c00000, 0x0000000708e00000|  0%| F|  |TAMS 0x0000000708c00000, 0x0000000708c00000| Untracked 
|  55|0x0000000708e00000, 0x0000000708e00000, 0x0000000709000000|  0%| F|  |TAMS 0x0000000708e00000, 0x0000000708e00000| Untracked 
|  56|0x0000000709000000, 0x0000000709000000, 0x0000000709200000|  0%| F|  |TAMS 0x0000000709000000, 0x0000000709000000| Untracked 
|  57|0x0000000709200000, 0x0000000709200000, 0x0000000709400000|  0%| F|  |TAMS 0x0000000709200000, 0x0000000709200000| Untracked 
|  58|0x0000000709400000, 0x0000000709400000, 0x0000000709600000|  0%| F|  |TAMS 0x0000000709400000, 0x0000000709400000| Untracked 
|  59|0x0000000709600000, 0x0000000709600000, 0x0000000709800000|  0%| F|  |TAMS 0x0000000709600000, 0x0000000709600000| Untracked 
|  60|0x0000000709800000, 0x0000000709800000, 0x0000000709a00000|  0%| F|  |TAMS 0x0000000709800000, 0x0000000709800000| Untracked 
|  61|0x0000000709a00000, 0x0000000709a00000, 0x0000000709c00000|  0%| F|  |TAMS 0x0000000709a00000, 0x0000000709a00000| Untracked 
|  62|0x0000000709c00000, 0x0000000709c00000, 0x0000000709e00000|  0%| F|  |TAMS 0x0000000709c00000, 0x0000000709c00000| Untracked 
|  63|0x0000000709e00000, 0x0000000709e00000, 0x000000070a000000|  0%| F|  |TAMS 0x0000000709e00000, 0x0000000709e00000| Untracked 
|  64|0x000000070a000000, 0x000000070a000000, 0x000000070a200000|  0%| F|  |TAMS 0x000000070a000000, 0x000000070a000000| Untracked 
|  65|0x000000070a200000, 0x000000070a200000, 0x000000070a400000|  0%| F|  |TAMS 0x000000070a200000, 0x000000070a200000| Untracked 
|  66|0x000000070a400000, 0x000000070a400000, 0x000000070a600000|  0%| F|  |TAMS 0x000000070a400000, 0x000000070a400000| Untracked 
|  67|0x000000070a600000, 0x000000070a600000, 0x000000070a800000|  0%| F|  |TAMS 0x000000070a600000, 0x000000070a600000| Untracked 
|  68|0x000000070a800000, 0x000000070a800000, 0x000000070aa00000|  0%| F|  |TAMS 0x000000070a800000, 0x000000070a800000| Untracked 
|  69|0x000000070aa00000, 0x000000070aa00000, 0x000000070ac00000|  0%| F|  |TAMS 0x000000070aa00000, 0x000000070aa00000| Untracked 
|  70|0x000000070ac00000, 0x000000070ac00000, 0x000000070ae00000|  0%| F|  |TAMS 0x000000070ac00000, 0x000000070ac00000| Untracked 
|  71|0x000000070ae00000, 0x000000070ae00000, 0x000000070b000000|  0%| F|  |TAMS 0x000000070ae00000, 0x000000070ae00000| Untracked 
|  72|0x000000070b000000, 0x000000070b000000, 0x000000070b200000|  0%| F|  |TAMS 0x000000070b000000, 0x000000070b000000| Untracked 
|  73|0x000000070b200000, 0x000000070b200000, 0x000000070b400000|  0%| F|  |TAMS 0x000000070b200000, 0x000000070b200000| Untracked 
|  74|0x000000070b400000, 0x000000070b400000, 0x000000070b600000|  0%| F|  |TAMS 0x000000070b400000, 0x000000070b400000| Untracked 
|  75|0x000000070b600000, 0x000000070b600000, 0x000000070b800000|  0%| F|  |TAMS 0x000000070b600000, 0x000000070b600000| Untracked 
|  76|0x000000070b800000, 0x000000070b800000, 0x000000070ba00000|  0%| F|  |TAMS 0x000000070b800000, 0x000000070b800000| Untracked 
|  77|0x000000070ba00000, 0x000000070ba00000, 0x000000070bc00000|  0%| F|  |TAMS 0x000000070ba00000, 0x000000070ba00000| Untracked 
|  78|0x000000070bc00000, 0x000000070bc00000, 0x000000070be00000|  0%| F|  |TAMS 0x000000070bc00000, 0x000000070bc00000| Untracked 
|  79|0x000000070be00000, 0x000000070be00000, 0x000000070c000000|  0%| F|  |TAMS 0x000000070be00000, 0x000000070be00000| Untracked 
|  80|0x000000070c000000, 0x000000070c000000, 0x000000070c200000|  0%| F|  |TAMS 0x000000070c000000, 0x000000070c000000| Untracked 
|  81|0x000000070c200000, 0x000000070c200000, 0x000000070c400000|  0%| F|  |TAMS 0x000000070c200000, 0x000000070c200000| Untracked 
|  82|0x000000070c400000, 0x000000070c400000, 0x000000070c600000|  0%| F|  |TAMS 0x000000070c400000, 0x000000070c400000| Untracked 
|  83|0x000000070c600000, 0x000000070c600000, 0x000000070c800000|  0%| F|  |TAMS 0x000000070c600000, 0x000000070c600000| Untracked 
|  84|0x000000070c800000, 0x000000070c800000, 0x000000070ca00000|  0%| F|  |TAMS 0x000000070c800000, 0x000000070c800000| Untracked 
|  85|0x000000070ca00000, 0x000000070ca00000, 0x000000070cc00000|  0%| F|  |TAMS 0x000000070ca00000, 0x000000070ca00000| Untracked 
|  86|0x000000070cc00000, 0x000000070cc00000, 0x000000070ce00000|  0%| F|  |TAMS 0x000000070cc00000, 0x000000070cc00000| Untracked 
|  87|0x000000070ce00000, 0x000000070ce00000, 0x000000070d000000|  0%| F|  |TAMS 0x000000070ce00000, 0x000000070ce00000| Untracked 
|  88|0x000000070d000000, 0x000000070d000000, 0x000000070d200000|  0%| F|  |TAMS 0x000000070d000000, 0x000000070d000000| Untracked 
|  89|0x000000070d200000, 0x000000070d200000, 0x000000070d400000|  0%| F|  |TAMS 0x000000070d200000, 0x000000070d200000| Untracked 
|  90|0x000000070d400000, 0x000000070d400000, 0x000000070d600000|  0%| F|  |TAMS 0x000000070d400000, 0x000000070d400000| Untracked 
|  91|0x000000070d600000, 0x000000070d600000, 0x000000070d800000|  0%| F|  |TAMS 0x000000070d600000, 0x000000070d600000| Untracked 
|  92|0x000000070d800000, 0x000000070d800000, 0x000000070da00000|  0%| F|  |TAMS 0x000000070d800000, 0x000000070d800000| Untracked 
|  93|0x000000070da00000, 0x000000070da00000, 0x000000070dc00000|  0%| F|  |TAMS 0x000000070da00000, 0x000000070da00000| Untracked 
|  94|0x000000070dc00000, 0x000000070dc00000, 0x000000070de00000|  0%| F|  |TAMS 0x000000070dc00000, 0x000000070dc00000| Untracked 
|  95|0x000000070de00000, 0x000000070de00000, 0x000000070e000000|  0%| F|  |TAMS 0x000000070de00000, 0x000000070de00000| Untracked 
|  96|0x000000070e000000, 0x000000070e000000, 0x000000070e200000|  0%| F|  |TAMS 0x000000070e000000, 0x000000070e000000| Untracked 
|  97|0x000000070e200000, 0x000000070e200000, 0x000000070e400000|  0%| F|  |TAMS 0x000000070e200000, 0x000000070e200000| Untracked 
|  98|0x000000070e400000, 0x000000070e400000, 0x000000070e600000|  0%| F|  |TAMS 0x000000070e400000, 0x000000070e400000| Untracked 
|  99|0x000000070e600000, 0x000000070e600000, 0x000000070e800000|  0%| F|  |TAMS 0x000000070e600000, 0x000000070e600000| Untracked 
| 100|0x000000070e800000, 0x000000070e800000, 0x000000070ea00000|  0%| F|  |TAMS 0x000000070e800000, 0x000000070e800000| Untracked 
| 101|0x000000070ea00000, 0x000000070ea00000, 0x000000070ec00000|  0%| F|  |TAMS 0x000000070ea00000, 0x000000070ea00000| Untracked 
| 102|0x000000070ec00000, 0x000000070ec00000, 0x000000070ee00000|  0%| F|  |TAMS 0x000000070ec00000, 0x000000070ec00000| Untracked 
| 103|0x000000070ee00000, 0x000000070ee00000, 0x000000070f000000|  0%| F|  |TAMS 0x000000070ee00000, 0x000000070ee00000| Untracked 
| 104|0x000000070f000000, 0x000000070f000000, 0x000000070f200000|  0%| F|  |TAMS 0x000000070f000000, 0x000000070f000000| Untracked 
| 105|0x000000070f200000, 0x000000070f200000, 0x000000070f400000|  0%| F|  |TAMS 0x000000070f200000, 0x000000070f200000| Untracked 
| 106|0x000000070f400000, 0x000000070f400000, 0x000000070f600000|  0%| F|  |TAMS 0x000000070f400000, 0x000000070f400000| Untracked 
| 107|0x000000070f600000, 0x000000070f600000, 0x000000070f800000|  0%| F|  |TAMS 0x000000070f600000, 0x000000070f600000| Untracked 
| 108|0x000000070f800000, 0x000000070f800000, 0x000000070fa00000|  0%| F|  |TAMS 0x000000070f800000, 0x000000070f800000| Untracked 
| 109|0x000000070fa00000, 0x000000070fa00000, 0x000000070fc00000|  0%| F|  |TAMS 0x000000070fa00000, 0x000000070fa00000| Untracked 
| 110|0x000000070fc00000, 0x000000070fc00000, 0x000000070fe00000|  0%| F|  |TAMS 0x000000070fc00000, 0x000000070fc00000| Untracked 
| 111|0x000000070fe00000, 0x000000070fe00000, 0x0000000710000000|  0%| F|  |TAMS 0x000000070fe00000, 0x000000070fe00000| Untracked 
| 112|0x0000000710000000, 0x00000007100c7e60, 0x0000000710200000| 39%| E|  |TAMS 0x0000000710000000, 0x0000000710000000| Complete 
| 113|0x0000000710200000, 0x0000000710400000, 0x0000000710400000|100%| E|CS|TAMS 0x0000000710200000, 0x0000000710200000| Complete 
| 114|0x0000000710400000, 0x0000000710475538, 0x0000000710600000| 22%| S|CS|TAMS 0x0000000710400000, 0x0000000710400000| Complete 
| 115|0x0000000710600000, 0x0000000710800000, 0x0000000710800000|100%| S|CS|TAMS 0x0000000710600000, 0x0000000710600000| Complete 
| 116|0x0000000710800000, 0x0000000710a00000, 0x0000000710a00000|100%| E|CS|TAMS 0x0000000710800000, 0x0000000710800000| Complete 
| 117|0x0000000710a00000, 0x0000000710c00000, 0x0000000710c00000|100%| E|CS|TAMS 0x0000000710a00000, 0x0000000710a00000| Complete 
| 118|0x0000000710c00000, 0x0000000710e00000, 0x0000000710e00000|100%| E|CS|TAMS 0x0000000710c00000, 0x0000000710c00000| Complete 
| 119|0x0000000710e00000, 0x0000000711000000, 0x0000000711000000|100%| E|CS|TAMS 0x0000000710e00000, 0x0000000710e00000| Complete 
| 120|0x0000000711000000, 0x0000000711200000, 0x0000000711200000|100%| E|CS|TAMS 0x0000000711000000, 0x0000000711000000| Complete 
| 121|0x0000000711200000, 0x0000000711400000, 0x0000000711400000|100%| E|CS|TAMS 0x0000000711200000, 0x0000000711200000| Complete 
| 122|0x0000000711400000, 0x0000000711600000, 0x0000000711600000|100%| E|CS|TAMS 0x0000000711400000, 0x0000000711400000| Complete 
| 123|0x0000000711600000, 0x0000000711800000, 0x0000000711800000|100%| E|CS|TAMS 0x0000000711600000, 0x0000000711600000| Complete 
| 124|0x0000000711800000, 0x0000000711a00000, 0x0000000711a00000|100%| E|CS|TAMS 0x0000000711800000, 0x0000000711800000| Complete 
| 125|0x0000000711a00000, 0x0000000711c00000, 0x0000000711c00000|100%| E|CS|TAMS 0x0000000711a00000, 0x0000000711a00000| Complete 
| 126|0x0000000711c00000, 0x0000000711e00000, 0x0000000711e00000|100%| E|CS|TAMS 0x0000000711c00000, 0x0000000711c00000| Complete 

Card table byte_map: [0x00000190e2690000,0x00000190e2e80000] _byte_map_base: 0x00000190dee80000

Marking Bits (Prev, Next): (CMBitMap*) 0x00000190cff4dd20, (CMBitMap*) 0x00000190cff4dd60
 Prev Bits: [0x00000190e3670000, 0x00000190e75f0000)
 Next Bits: [0x00000190e75f0000, 0x00000190eb570000)

Polling page: 0x00000190cdeb0000

Metaspace:

Usage:
  Non-class:     16.20 MB used.
      Class:      2.28 MB used.
       Both:     18.48 MB used.

Virtual space:
  Non-class space:       64.00 MB reserved,      16.31 MB ( 25%) committed,  1 nodes.
      Class space:        1.00 GB reserved,       2.38 MB ( <1%) committed,  1 nodes.
             Both:        1.06 GB reserved,      18.69 MB (  2%) committed. 

Chunk freelists:
   Non-Class:  15.69 MB
       Class:  13.53 MB
        Both:  29.22 MB

MaxMetaspaceSize: unlimited
CompressedClassSpaceSize: 1.00 GB
Initial GC threshold: 21.00 MB
Current GC threshold: 21.00 MB
CDS: off
MetaspaceReclaimPolicy: balanced
 - commit_granule_bytes: 65536.
 - commit_granule_words: 8192.
 - virtual_space_node_default_size: 8388608.
 - enlarge_chunks_in_place: 1.
 - new_chunks_are_fully_committed: 0.
 - uncommit_free_chunks: 1.
 - use_allocation_guard: 0.
 - handle_deallocations: 1.


Internal statistics:

num_allocs_failed_limit: 0.
num_arena_births: 178.
num_arena_deaths: 0.
num_vsnodes_births: 2.
num_vsnodes_deaths: 0.
num_space_committed: 299.
num_space_uncommitted: 0.
num_chunks_returned_to_freelist: 0.
num_chunks_taken_from_freelist: 555.
num_chunk_merges: 0.
num_chunk_splits: 373.
num_chunks_enlarged: 278.
num_inconsistent_stats: 0.

CodeHeap 'non-profiled nmethods': size=120000Kb used=550Kb max_used=550Kb free=119449Kb
 bounds [0x00000190da640000, 0x00000190da8b0000, 0x00000190e1b70000]
CodeHeap 'profiled nmethods': size=120000Kb used=2593Kb max_used=2593Kb free=117406Kb
 bounds [0x00000190d2b70000, 0x00000190d2e00000, 0x00000190da0a0000]
CodeHeap 'non-nmethods': size=5760Kb used=1446Kb max_used=1446Kb free=4313Kb
 bounds [0x00000190da0a0000, 0x00000190da310000, 0x00000190da640000]
 total_blobs=2183 nmethods=1453 adapters=642
 compilation: enabled
              stopped_count=0, restarted_count=0
 full_count=0

Compilation events (20 events):
Event: 1.638 Thread 0x00000190f207d4f0 nmethod 1447 0x00000190d2df5690 code [0x00000190d2df5820, 0x00000190d2df5978]
Event: 1.638 Thread 0x00000190f207d4f0 1445       3       java.lang.invoke.InfoFromMemberName::<init> (72 bytes)
Event: 1.638 Thread 0x00000190f207d4f0 nmethod 1445 0x00000190d2df5a10 code [0x00000190d2df5bc0, 0x00000190d2df5db8]
Event: 1.638 Thread 0x00000190f207d4f0 1446       1       java.lang.invoke.MethodHandleImpl$IntrinsicMethodHandle::getTarget (5 bytes)
Event: 1.638 Thread 0x00000190f207d4f0 nmethod 1446 0x00000190da6c8d10 code [0x00000190da6c8ea0, 0x00000190da6c8f78]
Event: 1.641 Thread 0x00000190f207ca50 1448   !   4       java.util.zip.InflaterInputStream::read (138 bytes)
Event: 1.658 Thread 0x00000190f207d4f0 1449       1       com.sun.javafx.geom.RectBounds::getMaxX (5 bytes)
Event: 1.658 Thread 0x00000190f207d4f0 nmethod 1449 0x00000190da6c9010 code [0x00000190da6c91a0, 0x00000190da6c9278]
Event: 1.662 Thread 0x00000190f207d4f0 1450       1       javafx.geometry.Insets::getRight (5 bytes)
Event: 1.662 Thread 0x00000190f207d4f0 nmethod 1450 0x00000190da6c9310 code [0x00000190da6c94a0, 0x00000190da6c9578]
Event: 1.662 Thread 0x00000190f207d4f0 1451       1       javafx.geometry.Insets::getBottom (5 bytes)
Event: 1.662 Thread 0x00000190f207d4f0 nmethod 1451 0x00000190da6c9610 code [0x00000190da6c97a0, 0x00000190da6c9878]
Event: 1.665 Thread 0x00000190f207d4f0 1453       3       java.lang.invoke.LambdaFormBuffer::changeName (149 bytes)
Event: 1.666 Thread 0x00000190f207d4f0 nmethod 1453 0x00000190d2df5e90 code [0x00000190d2df6060, 0x00000190d2df65c8]
Event: 1.666 Thread 0x00000190f207d4f0 1454       3       java.lang.invoke.MethodHandleNatives::refKindIsGetter (32 bytes)
Event: 1.666 Thread 0x00000190f207d4f0 nmethod 1454 0x00000190d2df6790 code [0x00000190d2df6920, 0x00000190d2df6a78]
Event: 1.666 Thread 0x00000190f207d4f0 1455       3       java.lang.invoke.LambdaFormEditor::getInCache (165 bytes)
Event: 1.668 Thread 0x00000190f207d4f0 nmethod 1455 0x00000190d2df6b10 code [0x00000190d2df6d80, 0x00000190d2df7cd8]
Event: 1.670 Thread 0x00000190f207d4f0 1456       3       java.lang.Float::floatToIntBits (15 bytes)
Event: 1.671 Thread 0x00000190f207d4f0 nmethod 1456 0x00000190d2df8110 code [0x00000190d2df82c0, 0x00000190d2df8518]

GC Heap History (2 events):
Event: 0.838 GC heap before
{Heap before GC invocations=0 (full 0):
 garbage-first heap   total 260096K, used 22528K [0x0000000702000000, 0x0000000800000000)
  region size 2048K, 11 young (22528K), 0 survivors (0K)
 Metaspace       used 10616K, committed 10752K, reserved 1114112K
  class space    used 1194K, committed 1280K, reserved 1048576K
}
Event: 0.857 GC heap after
{Heap after GC invocations=1 (full 0):
 garbage-first heap   total 260096K, used 2517K [0x0000000702000000, 0x0000000800000000)
  region size 2048K, 2 young (4096K), 2 survivors (4096K)
 Metaspace       used 10616K, committed 10752K, reserved 1114112K
  class space    used 1194K, committed 1280K, reserved 1048576K
}

Dll operation events (20 events):
Event: 0.506 Loaded shared library C:\Users\flala\.openjfx\cache\17.0.6\api-ms-win-crt-locale-l1-1-0.dll
Event: 0.508 Loaded shared library C:\Users\flala\.openjfx\cache\17.0.6\api-ms-win-crt-math-l1-1-0.dll
Event: 0.511 Loaded shared library C:\Users\flala\.openjfx\cache\17.0.6\api-ms-win-crt-multibyte-l1-1-0.dll
Event: 0.518 Loaded shared library C:\Users\flala\.openjfx\cache\17.0.6\api-ms-win-crt-private-l1-1-0.dll
Event: 0.522 Loaded shared library C:\Users\flala\.openjfx\cache\17.0.6\api-ms-win-crt-process-l1-1-0.dll
Event: 0.525 Loaded shared library C:\Users\flala\.openjfx\cache\17.0.6\api-ms-win-crt-runtime-l1-1-0.dll
Event: 0.528 Loaded shared library C:\Users\flala\.openjfx\cache\17.0.6\api-ms-win-crt-stdio-l1-1-0.dll
Event: 0.531 Loaded shared library C:\Users\flala\.openjfx\cache\17.0.6\api-ms-win-crt-string-l1-1-0.dll
Event: 0.534 Loaded shared library C:\Users\flala\.openjfx\cache\17.0.6\api-ms-win-crt-time-l1-1-0.dll
Event: 0.538 Loaded shared library C:\Users\flala\.openjfx\cache\17.0.6\api-ms-win-crt-utility-l1-1-0.dll
Event: 0.556 Loaded shared library C:\Users\flala\.openjfx\cache\17.0.6\ucrtbase.dll
Event: 0.560 Loaded shared library C:\Users\flala\.openjfx\cache\17.0.6\vcruntime140.dll
Event: 0.563 Loaded shared library C:\Users\flala\.openjfx\cache\17.0.6\vcruntime140_1.dll
Event: 0.573 Loaded shared library C:\Users\flala\.openjfx\cache\17.0.6\msvcp140.dll
Event: 0.575 Loaded shared library C:\Users\flala\.openjfx\cache\17.0.6\msvcp140_1.dll
Event: 0.580 Loaded shared library C:\Users\flala\.openjfx\cache\17.0.6\msvcp140_2.dll
Event: 0.628 Loaded shared library C:\Users\flala\.openjfx\cache\17.0.6\prism_d3d.dll
Event: 0.669 Loaded shared library C:\Users\flala\.openjfx\cache\17.0.6\glass.dll
Event: 0.862 Loaded shared library C:\Users\flala\.vscode\extensions\redhat.java-1.20.0-win32-x64\jre\17.0.7-win32-x86_64\bin\jimage.dll
Event: 1.105 Loaded shared library C:\Users\flala\.openjfx\cache\17.0.6\javafx_font.dll

Deoptimization events (20 events):
Event: 1.438 Thread 0x00000190f33f9380 Uncommon trap: trap_request=0xffffffde fr.pc=0x00000190da651038 relative=0x00000000000001b8
Event: 1.438 Thread 0x00000190f33f9380 Uncommon trap: reason=class_check action=maybe_recompile pc=0x00000190da651038 method=java.lang.String.equals(Ljava/lang/Object;)Z @ 8 c2
Event: 1.438 Thread 0x00000190f33f9380 DEOPT PACKING pc=0x00000190da651038 sp=0x000000359f2fdcd0
Event: 1.438 Thread 0x00000190f33f9380 DEOPT UNPACKING pc=0x00000190da0f69a3 sp=0x000000359f2fdc78 mode 2
Event: 1.438 Thread 0x00000190f33f9380 Uncommon trap: trap_request=0xffffffde fr.pc=0x00000190da651038 relative=0x00000000000001b8
Event: 1.438 Thread 0x00000190f33f9380 Uncommon trap: reason=class_check action=maybe_recompile pc=0x00000190da651038 method=java.lang.String.equals(Ljava/lang/Object;)Z @ 8 c2
Event: 1.438 Thread 0x00000190f33f9380 DEOPT PACKING pc=0x00000190da651038 sp=0x000000359f2fdbe0
Event: 1.438 Thread 0x00000190f33f9380 DEOPT UNPACKING pc=0x00000190da0f69a3 sp=0x000000359f2fdb88 mode 2
Event: 1.438 Thread 0x00000190f33f9380 Uncommon trap: trap_request=0xffffffde fr.pc=0x00000190da651038 relative=0x00000000000001b8
Event: 1.438 Thread 0x00000190f33f9380 Uncommon trap: reason=class_check action=maybe_recompile pc=0x00000190da651038 method=java.lang.String.equals(Ljava/lang/Object;)Z @ 8 c2
Event: 1.438 Thread 0x00000190f33f9380 DEOPT PACKING pc=0x00000190da651038 sp=0x000000359f2fdbe0
Event: 1.438 Thread 0x00000190f33f9380 DEOPT UNPACKING pc=0x00000190da0f69a3 sp=0x000000359f2fdb88 mode 2
Event: 1.506 Thread 0x00000190f33f9380 Uncommon trap: trap_request=0xffffffde fr.pc=0x00000190da651038 relative=0x00000000000001b8
Event: 1.506 Thread 0x00000190f33f9380 Uncommon trap: reason=class_check action=maybe_recompile pc=0x00000190da651038 method=java.lang.String.equals(Ljava/lang/Object;)Z @ 8 c2
Event: 1.506 Thread 0x00000190f33f9380 DEOPT PACKING pc=0x00000190da651038 sp=0x000000359f2fd830
Event: 1.506 Thread 0x00000190f33f9380 DEOPT UNPACKING pc=0x00000190da0f69a3 sp=0x000000359f2fd7d8 mode 2
Event: 1.548 Thread 0x00000190f33f9380 Uncommon trap: trap_request=0xffffff45 fr.pc=0x00000190da6af260 relative=0x00000000000001e0
Event: 1.548 Thread 0x00000190f33f9380 Uncommon trap: reason=unstable_if action=reinterpret pc=0x00000190da6af260 method=java.io.ByteArrayInputStream.read()I @ 8 c2
Event: 1.548 Thread 0x00000190f33f9380 DEOPT PACKING pc=0x00000190da6af260 sp=0x000000359f2fc7a0
Event: 1.548 Thread 0x00000190f33f9380 DEOPT UNPACKING pc=0x00000190da0f69a3 sp=0x000000359f2fc758 mode 2

Classes unloaded (0 events):
No events

Classes redefined (0 events):
No events

Internal exceptions (20 events):
Event: 0.950 Thread 0x00000190f33f9380 Exception <a 'java/lang/NoSuchMethodError'{0x000000071185dd38}: 'java.lang.Object java.lang.invoke.DirectMethodHandle$Holder.invokeStaticInit(java.lang.Object, java.lang.Object, java.lang.Object, java.lang.Object)'> (0x000000071185dd38) 
thrown [s\src\hotspot\share\interpreter\linkResolver.cpp, line 759]
Event: 0.951 Thread 0x00000190f33f9380 Exception <a 'java/lang/NullPointerException'{0x0000000711869a00}> (0x0000000711869a00) 
thrown [s\src\hotspot\share\interpreter\linkResolver.cpp, line 1350]
Event: 0.965 Thread 0x00000190f33f9380 Exception <a 'sun/nio/fs/WindowsException'{0x00000007118d3e60}> (0x00000007118d3e60) 
thrown [s\src\hotspot\share\prims\jni.cpp, line 516]
Event: 0.993 Thread 0x00000190f33f9380 Exception <a 'sun/nio/fs/WindowsException'{0x000000071195ecb8}> (0x000000071195ecb8) 
thrown [s\src\hotspot\share\prims\jni.cpp, line 516]
Event: 1.002 Thread 0x00000190f33f9380 Exception <a 'java/lang/NoSuchMethodError'{0x0000000711969898}: 'java.lang.Object java.lang.invoke.DirectMethodHandle$Holder.invokeStatic(java.lang.Object, int, java.lang.Object)'> (0x0000000711969898) 
thrown [s\src\hotspot\share\interpreter\linkResolver.cpp, line 759]
Event: 1.009 Thread 0x00000190f33f9380 Exception <a 'java/lang/ClassNotFoundException'{0x000000071197d7a8}: sun/util/logging/resources/spi/loggingProvider> (0x000000071197d7a8) 
thrown [s\src\hotspot\share\classfile\systemDictionary.cpp, line 256]
Event: 1.077 Thread 0x00000190f33f9380 Exception <a 'java/lang/ClassNotFoundException'{0x00000007117b47c8}: com/sun/glass/ui/win/themes> (0x00000007117b47c8) 
thrown [s\src\hotspot\share\prims\jni.cpp, line 535]
Event: 1.078 Thread 0x00000190f33f9380 Exception <a 'java/lang/ClassNotFoundException'{0x00000007117bca60}: com/sun/glass/ui/win/themes_de> (0x00000007117bca60) 
thrown [s\src\hotspot\share\prims\jni.cpp, line 535]
Event: 1.079 Thread 0x00000190f33f9380 Exception <a 'java/lang/ClassNotFoundException'{0x00000007117c4a90}: com/sun/glass/ui/win/themes_de_CH> (0x00000007117c4a90) 
thrown [s\src\hotspot\share\prims\jni.cpp, line 535]
Event: 1.175 Thread 0x00000190f33f9380 Exception <a 'java/lang/NoSuchMethodError'{0x00000007110d9a58}: 'void java.lang.invoke.DirectMethodHandle$Holder.invokeStaticInit(java.lang.Object, java.lang.Object)'> (0x00000007110d9a58) 
thrown [s\src\hotspot\share\interpreter\linkResolver.cpp, line 759]
Event: 1.182 Thread 0x00000190f33f9380 Exception <a 'java/lang/NoSuchMethodError'{0x000000071110ef98}: 'void java.lang.invoke.DirectMethodHandle$Holder.invokeSpecial(java.lang.Object, java.lang.Object, java.lang.Object, java.lang.Object, java.lang.Object)'> (0x000000071110ef98) 
thrown [s\src\hotspot\share\interpreter\linkResolver.cpp, line 759]
Event: 1.282 Thread 0x00000190f33f9380 Implicit null exception at 0x00000190da65c2e0 to 0x00000190da65c37a
Event: 1.304 Thread 0x00000190f33f9380 Implicit null exception at 0x00000190da6afd22 to 0x00000190da6b0380
Event: 1.306 Thread 0x00000190f33f9380 Implicit null exception at 0x00000190da6ae596 to 0x00000190da6aeb30
Event: 1.307 Thread 0x00000190f33f9380 Implicit null exception at 0x00000190da65bc8f to 0x00000190da65bd0d
Event: 1.490 Thread 0x00000190f33f9380 Exception <a 'java/lang/NoSuchMethodError'{0x000000071092e6c8}: 'java.lang.Object java.lang.invoke.DirectMethodHandle$Holder.invokeInterface(java.lang.Object, java.lang.Object, java.lang.Object)'> (0x000000071092e6c8) 
thrown [s\src\hotspot\share\interpreter\linkResolver.cpp, line 759]
Event: 1.491 Thread 0x00000190f33f9380 Exception <a 'java/lang/IncompatibleClassChangeError'{0x0000000710932050}: Found class java.lang.Object, but interface was expected> (0x0000000710932050) 
thrown [s\src\hotspot\share\interpreter\linkResolver.cpp, line 826]
Event: 1.583 Thread 0x00000190f33f9380 Exception <a 'java/lang/NoSuchMethodError'{0x00000007102d3168}: 'java.lang.Object java.lang.invoke.DirectMethodHandle$Holder.newInvokeSpecial(java.lang.Object, java.lang.Object, int)'> (0x00000007102d3168) 
thrown [s\src\hotspot\share\interpreter\linkResolver.cpp, line 759]
Event: 1.635 Thread 0x00000190f3114430 Exception <a 'java/lang/NoSuchMethodError'{0x000000071001a808}: 'int java.lang.invoke.DirectMethodHandle$Holder.invokeStaticInit(java.lang.Object, java.lang.Object)'> (0x000000071001a808) 
thrown [s\src\hotspot\share\interpreter\linkResolver.cpp, line 759]
Event: 1.673 Thread 0x00000190f3114430 Exception <a 'java/lang/NullPointerException'{0x00000007100c6178}> (0x00000007100c6178) 
thrown [s\src\hotspot\share\interpreter\linkResolver.cpp, line 1433]

VM Operations (16 events):
Event: 0.209 Executing VM operation: HandshakeAllThreads
Event: 0.209 Executing VM operation: HandshakeAllThreads done
Event: 0.209 Executing VM operation: HandshakeAllThreads
Event: 0.209 Executing VM operation: HandshakeAllThreads done
Event: 0.237 Executing VM operation: ChangeBreakpoints
Event: 0.237 Executing VM operation: ChangeBreakpoints done
Event: 0.660 Executing VM operation: HandshakeAllThreads
Event: 0.660 Executing VM operation: HandshakeAllThreads done
Event: 0.838 Executing VM operation: G1CollectForAllocation
Event: 0.857 Executing VM operation: G1CollectForAllocation done
Event: 1.038 Executing VM operation: HandshakeAllThreads
Event: 1.038 Executing VM operation: HandshakeAllThreads done
Event: 1.109 Executing VM operation: HandshakeAllThreads
Event: 1.109 Executing VM operation: HandshakeAllThreads done
Event: 1.617 Executing VM operation: ICBufferFull
Event: 1.618 Executing VM operation: ICBufferFull done

Events (20 events):
Event: 1.555 loading class jdk/internal/icu/text/UTF16
Event: 1.555 loading class jdk/internal/icu/text/UTF16 done
Event: 1.556 loading class jdk/internal/icu/text/BidiLine
Event: 1.556 loading class jdk/internal/icu/text/BidiLine done
Event: 1.568 loading class java/util/BitSet
Event: 1.568 loading class java/util/BitSet done
Event: 1.576 loading class java/util/TreeSet
Event: 1.576 loading class java/util/NavigableSet
Event: 1.576 loading class java/util/SortedSet
Event: 1.576 loading class java/util/SortedSet done
Event: 1.577 loading class java/util/NavigableSet done
Event: 1.577 loading class java/util/TreeSet done
Event: 1.603 loading class java/util/WeakHashMap$EntrySet
Event: 1.603 loading class java/util/WeakHashMap$EntrySet done
Event: 1.603 loading class java/util/WeakHashMap$EntryIterator
Event: 1.603 loading class java/util/WeakHashMap$EntryIterator done
Event: 1.605 loading class java/util/ConcurrentModificationException
Event: 1.605 loading class java/util/ConcurrentModificationException done
Event: 1.673 loading class java/lang/Throwable$WrappedPrintStream
Event: 1.673 loading class java/lang/Throwable$PrintStreamOrWriter


Dynamic libraries:
0x00007ff6e56b0000 - 0x00007ff6e56be000 	C:\Users\flala\.vscode\extensions\redhat.java-1.20.0-win32-x64\jre\17.0.7-win32-x86_64\bin\java.exe
0x00007ffce89f0000 - 0x00007ffce8be8000 	C:\WINDOWS\SYSTEM32\ntdll.dll
0x00007ffce8290000 - 0x00007ffce834f000 	C:\WINDOWS\System32\KERNEL32.DLL
0x00007ffce6240000 - 0x00007ffce6512000 	C:\WINDOWS\System32\KERNELBASE.dll
0x00007ffce6820000 - 0x00007ffce6920000 	C:\WINDOWS\System32\ucrtbase.dll
0x00007ffcdfa10000 - 0x00007ffcdfa27000 	C:\Users\flala\.vscode\extensions\redhat.java-1.20.0-win32-x64\jre\17.0.7-win32-x86_64\bin\jli.dll
0x00007ffcde410000 - 0x00007ffcde429000 	C:\Users\flala\.vscode\extensions\redhat.java-1.20.0-win32-x64\jre\17.0.7-win32-x86_64\bin\VCRUNTIME140.dll
0x00007ffce7510000 - 0x00007ffce76b1000 	C:\WINDOWS\System32\USER32.dll
0x00007ffcc2830000 - 0x00007ffcc2aca000 	C:\WINDOWS\WinSxS\amd64_microsoft.windows.common-controls_6595b64144ccf1df_6.0.19041.1110_none_60b5254171f9507e\COMCTL32.dll
0x00007ffce60f0000 - 0x00007ffce6112000 	C:\WINDOWS\System32\win32u.dll
0x00007ffce8670000 - 0x00007ffce870e000 	C:\WINDOWS\System32\msvcrt.dll
0x00007ffce8710000 - 0x00007ffce873b000 	C:\WINDOWS\System32\GDI32.dll
0x00007ffce6520000 - 0x00007ffce662f000 	C:\WINDOWS\System32\gdi32full.dll
0x00007ffce6950000 - 0x00007ffce69ed000 	C:\WINDOWS\System32\msvcp_win.dll
0x00007ffce83f0000 - 0x00007ffce8420000 	C:\WINDOWS\System32\IMM32.DLL
0x00007ffce1060000 - 0x00007ffce106c000 	C:\Users\flala\.vscode\extensions\redhat.java-1.20.0-win32-x64\jre\17.0.7-win32-x86_64\bin\vcruntime140_1.dll
0x00007ffcb4820000 - 0x00007ffcb48b1000 	C:\Users\flala\.vscode\extensions\redhat.java-1.20.0-win32-x64\jre\17.0.7-win32-x86_64\bin\msvcp140.dll
0x00007ffc9a240000 - 0x00007ffc9ae88000 	C:\Users\flala\.vscode\extensions\redhat.java-1.20.0-win32-x64\jre\17.0.7-win32-x86_64\bin\server\jvm.dll
0x00007ffce8420000 - 0x00007ffce84ce000 	C:\WINDOWS\System32\ADVAPI32.dll
0x00007ffce8350000 - 0x00007ffce83ec000 	C:\WINDOWS\System32\sechost.dll
0x00007ffce7bd0000 - 0x00007ffce7cf4000 	C:\WINDOWS\System32\RPCRT4.dll
0x00007ffce4d80000 - 0x00007ffce4d8a000 	C:\WINDOWS\SYSTEM32\VERSION.dll
0x00007ffcd6d90000 - 0x00007ffcd6d99000 	C:\WINDOWS\SYSTEM32\WSOCK32.dll
0x00007ffcc7150000 - 0x00007ffcc7177000 	C:\WINDOWS\SYSTEM32\WINMM.dll
0x00007ffce7840000 - 0x00007ffce78ab000 	C:\WINDOWS\System32\WS2_32.dll
0x00007ffce4a60000 - 0x00007ffce4a72000 	C:\WINDOWS\SYSTEM32\kernel.appcore.dll
0x00007ffce02a0000 - 0x00007ffce02aa000 	C:\Users\flala\.vscode\extensions\redhat.java-1.20.0-win32-x64\jre\17.0.7-win32-x86_64\bin\jimage.dll
0x00007ffce3a20000 - 0x00007ffce3c04000 	C:\WINDOWS\SYSTEM32\DBGHELP.DLL
0x00007ffccd760000 - 0x00007ffccd795000 	C:\WINDOWS\SYSTEM32\dbgcore.DLL
0x00007ffce6790000 - 0x00007ffce6812000 	C:\WINDOWS\System32\bcryptPrimitives.dll
0x00007ffcd6c90000 - 0x00007ffcd6ccb000 	C:\Users\flala\.vscode\extensions\redhat.java-1.20.0-win32-x64\jre\17.0.7-win32-x86_64\bin\jdwp.dll
0x00007ffcbf8e0000 - 0x00007ffcbf905000 	C:\Users\flala\.vscode\extensions\redhat.java-1.20.0-win32-x64\jre\17.0.7-win32-x86_64\bin\java.dll
0x00007ffcc9af0000 - 0x00007ffcc9b08000 	C:\Users\flala\.vscode\extensions\redhat.java-1.20.0-win32-x64\jre\17.0.7-win32-x86_64\bin\zip.dll
0x00007ffce6a40000 - 0x00007ffce7185000 	C:\WINDOWS\System32\SHELL32.dll
0x00007ffce4000000 - 0x00007ffce4792000 	C:\WINDOWS\SYSTEM32\windows.storage.dll
0x00007ffce7190000 - 0x00007ffce74e5000 	C:\WINDOWS\System32\combase.dll
0x00007ffce5a70000 - 0x00007ffce5aa0000 	C:\WINDOWS\SYSTEM32\Wldp.dll
0x00007ffce7b20000 - 0x00007ffce7bcd000 	C:\WINDOWS\System32\SHCORE.dll
0x00007ffce78b0000 - 0x00007ffce7905000 	C:\WINDOWS\System32\shlwapi.dll
0x00007ffce6030000 - 0x00007ffce604f000 	C:\WINDOWS\SYSTEM32\profapi.dll
0x00007ffcc7ad0000 - 0x00007ffcc7ae9000 	C:\Users\flala\.vscode\extensions\redhat.java-1.20.0-win32-x64\jre\17.0.7-win32-x86_64\bin\net.dll
0x00007ffcdc560000 - 0x00007ffcdc66a000 	C:\WINDOWS\SYSTEM32\WINHTTP.dll
0x00007ffce5850000 - 0x00007ffce58ba000 	C:\WINDOWS\system32\mswsock.dll
0x00007ffcc1540000 - 0x00007ffcc1555000 	C:\Users\flala\.vscode\extensions\redhat.java-1.20.0-win32-x64\jre\17.0.7-win32-x86_64\bin\nio.dll
0x00007ffcd6e60000 - 0x00007ffcd6e6c000 	C:\Users\flala\.vscode\extensions\redhat.java-1.20.0-win32-x64\jre\17.0.7-win32-x86_64\bin\dt_socket.dll
0x00007ffce5510000 - 0x00007ffce554b000 	C:\WINDOWS\SYSTEM32\IPHLPAPI.DLL
0x00007ffce55a0000 - 0x00007ffce566b000 	C:\WINDOWS\SYSTEM32\DNSAPI.dll
0x00007ffce7830000 - 0x00007ffce7838000 	C:\WINDOWS\System32\NSI.dll
0x0000000180000000 - 0x0000000180032000 	C:\Program Files\Audinate\Shared Files\mdnsNSP.dll
0x00000190cfe70000 - 0x00000190cfea1000 	C:\WINDOWS\SYSTEM32\dante_dnssd.dll
0x00007ffcde630000 - 0x00007ffcde63a000 	C:\Windows\System32\rasadhlp.dll
0x00007ffcdb840000 - 0x00007ffcdb8c0000 	C:\WINDOWS\System32\fwpuclnt.dll
0x00007ffce6920000 - 0x00007ffce6947000 	C:\WINDOWS\System32\bcrypt.dll
0x00000190f4040000 - 0x00000190f4043000 	C:\Users\flala\.openjfx\cache\17.0.6\api-ms-win-core-console-l1-1-0.dll
0x00000190f4050000 - 0x00000190f4053000 	C:\Users\flala\.openjfx\cache\17.0.6\api-ms-win-core-console-l1-2-0.dll
0x00000190f4060000 - 0x00000190f4063000 	C:\Users\flala\.openjfx\cache\17.0.6\api-ms-win-core-datetime-l1-1-0.dll
0x00000190f4070000 - 0x00000190f4073000 	C:\Users\flala\.openjfx\cache\17.0.6\api-ms-win-core-debug-l1-1-0.dll
0x00000190f4080000 - 0x00000190f4083000 	C:\Users\flala\.openjfx\cache\17.0.6\api-ms-win-core-errorhandling-l1-1-0.dll
0x00000190f4090000 - 0x00000190f4094000 	C:\Users\flala\.openjfx\cache\17.0.6\api-ms-win-core-file-l1-1-0.dll
0x00000190f40a0000 - 0x00000190f40a3000 	C:\Users\flala\.openjfx\cache\17.0.6\api-ms-win-core-file-l1-2-0.dll
0x00000190f40b0000 - 0x00000190f40b3000 	C:\Users\flala\.openjfx\cache\17.0.6\api-ms-win-core-file-l2-1-0.dll
0x00000190f40c0000 - 0x00000190f40c3000 	C:\Users\flala\.openjfx\cache\17.0.6\api-ms-win-core-handle-l1-1-0.dll
0x00000190f40d0000 - 0x00000190f40d3000 	C:\Users\flala\.openjfx\cache\17.0.6\api-ms-win-core-heap-l1-1-0.dll
0x00000190f40e0000 - 0x00000190f40e3000 	C:\Users\flala\.openjfx\cache\17.0.6\api-ms-win-core-interlocked-l1-1-0.dll
0x00000190f40f0000 - 0x00000190f40f3000 	C:\Users\flala\.openjfx\cache\17.0.6\api-ms-win-core-libraryloader-l1-1-0.dll
0x00000190f4100000 - 0x00000190f4103000 	C:\Users\flala\.openjfx\cache\17.0.6\api-ms-win-core-localization-l1-2-0.dll
0x00000190f4110000 - 0x00000190f4113000 	C:\Users\flala\.openjfx\cache\17.0.6\api-ms-win-core-memory-l1-1-0.dll
0x00000190f4120000 - 0x00000190f4123000 	C:\Users\flala\.openjfx\cache\17.0.6\api-ms-win-core-namedpipe-l1-1-0.dll
0x00000190f4130000 - 0x00000190f4133000 	C:\Users\flala\.openjfx\cache\17.0.6\api-ms-win-core-processenvironment-l1-1-0.dll
0x00000190f4140000 - 0x00000190f4143000 	C:\Users\flala\.openjfx\cache\17.0.6\api-ms-win-core-processthreads-l1-1-0.dll
0x00000190f4150000 - 0x00000190f4153000 	C:\Users\flala\.openjfx\cache\17.0.6\api-ms-win-core-processthreads-l1-1-1.dll
0x00000190f4160000 - 0x00000190f4163000 	C:\Users\flala\.openjfx\cache\17.0.6\api-ms-win-core-profile-l1-1-0.dll
0x00000190f4170000 - 0x00000190f4173000 	C:\Users\flala\.openjfx\cache\17.0.6\api-ms-win-core-rtlsupport-l1-1-0.dll
0x00000190f4180000 - 0x00000190f4183000 	C:\Users\flala\.openjfx\cache\17.0.6\api-ms-win-core-string-l1-1-0.dll
0x00000190f4190000 - 0x00000190f4193000 	C:\Users\flala\.openjfx\cache\17.0.6\api-ms-win-core-synch-l1-1-0.dll
0x00000190f41a0000 - 0x00000190f41a3000 	C:\Users\flala\.openjfx\cache\17.0.6\api-ms-win-core-synch-l1-2-0.dll
0x00000190f41b0000 - 0x00000190f41b3000 	C:\Users\flala\.openjfx\cache\17.0.6\api-ms-win-core-sysinfo-l1-1-0.dll
0x00000190f41c0000 - 0x00000190f41c3000 	C:\Users\flala\.openjfx\cache\17.0.6\api-ms-win-core-timezone-l1-1-0.dll
0x00000190f41d0000 - 0x00000190f41d3000 	C:\Users\flala\.openjfx\cache\17.0.6\api-ms-win-core-util-l1-1-0.dll
0x00000190f41e0000 - 0x00000190f41e3000 	C:\Users\flala\.openjfx\cache\17.0.6\api-ms-win-crt-conio-l1-1-0.dll
0x00000190f41f0000 - 0x00000190f41f4000 	C:\Users\flala\.openjfx\cache\17.0.6\api-ms-win-crt-convert-l1-1-0.dll
0x00000190f4200000 - 0x00000190f4203000 	C:\Users\flala\.openjfx\cache\17.0.6\api-ms-win-crt-environment-l1-1-0.dll
0x00000190f4210000 - 0x00000190f4213000 	C:\Users\flala\.openjfx\cache\17.0.6\api-ms-win-crt-filesystem-l1-1-0.dll
0x00000190f4220000 - 0x00000190f4223000 	C:\Users\flala\.openjfx\cache\17.0.6\api-ms-win-crt-heap-l1-1-0.dll
0x00000190f4230000 - 0x00000190f4233000 	C:\Users\flala\.openjfx\cache\17.0.6\api-ms-win-crt-locale-l1-1-0.dll
0x00000190f4240000 - 0x00000190f4245000 	C:\Users\flala\.openjfx\cache\17.0.6\api-ms-win-crt-math-l1-1-0.dll
0x00000190f4250000 - 0x00000190f4255000 	C:\Users\flala\.openjfx\cache\17.0.6\api-ms-win-crt-multibyte-l1-1-0.dll
0x00000190f4260000 - 0x00000190f4270000 	C:\Users\flala\.openjfx\cache\17.0.6\api-ms-win-crt-private-l1-1-0.dll
0x00000190f4270000 - 0x00000190f4273000 	C:\Users\flala\.openjfx\cache\17.0.6\api-ms-win-crt-process-l1-1-0.dll
0x00000190f4280000 - 0x00000190f4284000 	C:\Users\flala\.openjfx\cache\17.0.6\api-ms-win-crt-runtime-l1-1-0.dll
0x00000190f4290000 - 0x00000190f4294000 	C:\Users\flala\.openjfx\cache\17.0.6\api-ms-win-crt-stdio-l1-1-0.dll
0x00000190f42a0000 - 0x00000190f42a4000 	C:\Users\flala\.openjfx\cache\17.0.6\api-ms-win-crt-string-l1-1-0.dll
0x00000190f42b0000 - 0x00000190f42b3000 	C:\Users\flala\.openjfx\cache\17.0.6\api-ms-win-crt-time-l1-1-0.dll
0x00000190f42c0000 - 0x00000190f42c3000 	C:\Users\flala\.openjfx\cache\17.0.6\api-ms-win-crt-utility-l1-1-0.dll
0x00007ffca3ec0000 - 0x00007ffca3fbc000 	C:\Users\flala\.openjfx\cache\17.0.6\ucrtbase.dll
0x00007ffcd6b40000 - 0x00007ffcd6b5a000 	C:\Users\flala\.openjfx\cache\17.0.6\vcruntime140.dll
0x00007ffcd6da0000 - 0x00007ffcd6dac000 	C:\Users\flala\.openjfx\cache\17.0.6\vcruntime140_1.dll
0x00007ffca7d80000 - 0x00007ffca7e0d000 	C:\Users\flala\.openjfx\cache\17.0.6\msvcp140.dll
0x00007ffcd6b30000 - 0x00007ffcd6b39000 	C:\Users\flala\.openjfx\cache\17.0.6\msvcp140_1.dll
0x00007ffccba80000 - 0x00007ffccbaaf000 	C:\Users\flala\.openjfx\cache\17.0.6\msvcp140_2.dll
0x00007ffcb47a0000 - 0x00007ffcb47ca000 	C:\Users\flala\.openjfx\cache\17.0.6\prism_d3d.dll
0x00007ffcd4970000 - 0x00007ffcd4b3e000 	C:\WINDOWS\system32\d3d9.dll
0x00007ffce35e0000 - 0x00007ffce360f000 	C:\WINDOWS\SYSTEM32\dwmapi.dll
0x00007ffce2db0000 - 0x00007ffce2e4e000 	C:\WINDOWS\system32\uxtheme.dll
0x00007ffc77f10000 - 0x00007ffc780b8000 	C:\WINDOWS\System32\DriverStore\FileRepository\iigd_dch.inf_amd64_393549dac595e659\igdumdim64.dll
0x00007ffce8820000 - 0x00007ffce894a000 	C:\WINDOWS\System32\ole32.dll
0x00007ffc5a150000 - 0x00007ffc5dd6f000 	C:\WINDOWS\System32\DriverStore\FileRepository\iigd_dch.inf_amd64_393549dac595e659\igd9dxva64.dll
0x00007ffce76c0000 - 0x00007ffce778d000 	C:\WINDOWS\System32\OLEAUT32.dll
0x00007ffce7e20000 - 0x00007ffce8288000 	C:\WINDOWS\System32\SETUPAPI.dll
0x00007ffce69f0000 - 0x00007ffce6a3e000 	C:\WINDOWS\System32\cfgmgr32.dll
0x00007ffcd6fc0000 - 0x00007ffcd7388000 	C:\WINDOWS\System32\DriverStore\FileRepository\iigd_dch.inf_amd64_393549dac595e659\igdgmm64.dll
0x00007ffca3e70000 - 0x00007ffca3eb2000 	C:\Users\flala\.openjfx\cache\17.0.6\glass.dll
0x00007ffce8740000 - 0x00007ffce881a000 	C:\WINDOWS\System32\COMDLG32.dll
0x00007ffcabd30000 - 0x00007ffcabe09000 	c:\Program Files\HP\HP ProtectTools Security Manager\Bin\DpoFeedb.dll
0x00007ffce5fb0000 - 0x00007ffce5fde000 	C:\WINDOWS\SYSTEM32\USERENV.dll
0x00007ffce7d00000 - 0x00007ffce7e14000 	C:\WINDOWS\System32\MSCTF.dll
0x00007ffca3930000 - 0x00007ffca3957000 	C:\WINDOWS\System32\DriverStore\FileRepository\iigd_dch.inf_amd64_393549dac595e659\igdinfo64.dll
0x00007ffcb0c00000 - 0x00007ffcb41e6000 	C:\WINDOWS\System32\DriverStore\FileRepository\iigd_dch.inf_amd64_393549dac595e659\igc64.dll
0x00007ffcd75a0000 - 0x00007ffcd75db000 	C:\WINDOWS\SYSTEM32\dxcore.dll
0x00007ffccba60000 - 0x00007ffccba74000 	C:\Users\flala\.openjfx\cache\17.0.6\javafx_font.dll
0x00007ffcc9580000 - 0x00007ffcc97ff000 	C:\WINDOWS\SYSTEM32\dwrite.dll
0x00007ffce85c0000 - 0x00007ffce8669000 	C:\WINDOWS\System32\clbcatq.dll
0x00007ffcdd270000 - 0x00007ffcdd424000 	C:\WINDOWS\SYSTEM32\WindowsCodecs.dll
0x00007ffcc8c90000 - 0x00007ffcc8cce000 	C:\WINDOWS\system32\dataexchange.dll
0x00007ffce2040000 - 0x00007ffce2223000 	C:\WINDOWS\system32\dcomp.dll
0x00007ffce1750000 - 0x00007ffce19b3000 	C:\WINDOWS\system32\d3d11.dll
0x00007ffce4810000 - 0x00007ffce4903000 	C:\WINDOWS\system32\dxgi.dll
0x00007ffcdd680000 - 0x00007ffcdd880000 	C:\WINDOWS\system32\twinapi.appcore.dll

dbghelp: loaded successfully - version: 4.0.5 - missing functions: none
symbol engine: initialized successfully - sym options: 0x614 - pdb path: .;C:\Users\flala\.vscode\extensions\redhat.java-1.20.0-win32-x64\jre\17.0.7-win32-x86_64\bin;C:\WINDOWS\SYSTEM32;C:\WINDOWS\WinSxS\amd64_microsoft.windows.common-controls_6595b64144ccf1df_6.0.19041.1110_none_60b5254171f9507e;C:\Users\flala\.vscode\extensions\redhat.java-1.20.0-win32-x64\jre\17.0.7-win32-x86_64\bin\server;C:\Program Files\Audinate\Shared Files;C:\Users\flala\.openjfx\cache\17.0.6;C:\WINDOWS\System32\DriverStore\FileRepository\iigd_dch.inf_amd64_393549dac595e659;c:\Program Files\HP\HP ProtectTools Security Manager\Bin;C:\Program Files\Common Files\Microsoft Shared\Ink;C:\Program Files (x86)\AquaSnap

VM Arguments:
jvm_args: -agentlib:jdwp=transport=dt_socket,server=n,suspend=y,address=localhost:60359 -XX:+ShowCodeDetailsInExceptionMessages --module-path=C:\Users\flala\Documents\HFTM\OOP\MinesweeperFX\minesweeperfx\target\classes;C:\Users\flala\.m2\repository\org\openjfx\javafx-controls\17.0.6\javafx-controls-17.0.6-win.jar;C:\Users\flala\.m2\repository\org\openjfx\javafx-graphics\17.0.6\javafx-graphics-17.0.6-win.jar;C:\Users\flala\.m2\repository\org\openjfx\javafx-base\17.0.6\javafx-base-17.0.6-win.jar;C:\Users\flala\.m2\repository\org\openjfx\javafx-fxml\17.0.6\javafx-fxml-17.0.6-win.jar -Djdk.module.main=ch.hftm 
java_command: ch.hftm/ch.hftm.App
java_class_path (initial): C:\Users\flala\.m2\repository\org\openjfx\javafx-controls\17.0.6\javafx-controls-17.0.6.jar;C:\Users\flala\.m2\repository\org\openjfx\javafx-graphics\17.0.6\javafx-graphics-17.0.6.jar;C:\Users\flala\.m2\repository\org\openjfx\javafx-base\17.0.6\javafx-base-17.0.6.jar;C:\Users\flala\.m2\repository\org\openjfx\javafx-fxml\17.0.6\javafx-fxml-17.0.6.jar
Launcher Type: SUN_STANDARD

[Global flags]
     intx CICompilerCount                          = 4                                         {product} {ergonomic}
     uint ConcGCThreads                            = 2                                         {product} {ergonomic}
     uint G1ConcRefinementThreads                  = 8                                         {product} {ergonomic}
   size_t G1HeapRegionSize                         = 2097152                                   {product} {ergonomic}
    uintx GCDrainStackTargetSize                   = 64                                        {product} {ergonomic}
   size_t InitialHeapSize                          = 266338304                                 {product} {ergonomic}
   size_t MarkStackSize                            = 4194304                                   {product} {ergonomic}
   size_t MaxHeapSize                              = 4261412864                                {product} {ergonomic}
   size_t MaxNewSize                               = 2556428288                                {product} {ergonomic}
   size_t MinHeapDeltaBytes                        = 2097152                                   {product} {ergonomic}
   size_t MinHeapSize                              = 8388608                                   {product} {ergonomic}
    uintx NonNMethodCodeHeapSize                   = 5839372                                {pd product} {ergonomic}
    uintx NonProfiledCodeHeapSize                  = 122909434                              {pd product} {ergonomic}
    uintx ProfiledCodeHeapSize                     = 122909434                              {pd product} {ergonomic}
    uintx ReservedCodeCacheSize                    = 251658240                              {pd product} {ergonomic}
     bool SegmentedCodeCache                       = true                                      {product} {ergonomic}
     bool ShowCodeDetailsInExceptionMessages       = true                                   {manageable} {command line}
   size_t SoftMaxHeapSize                          = 4261412864                             {manageable} {ergonomic}
     bool UseCompressedClassPointers               = true                           {product lp64_product} {ergonomic}
     bool UseCompressedOops                        = true                           {product lp64_product} {ergonomic}
     bool UseG1GC                                  = true                                      {product} {ergonomic}
     bool UseLargePagesIndividualAllocation        = false                                  {pd product} {ergonomic}

Logging:
Log output configuration:
 #0: stdout all=warning uptime,level,tags
 #1: stderr all=off uptime,level,tags

Environment Variables:
JAVA_HOME=C:\Program Files\Eclipse Adoptium\jdk-17.0.5.8-hotspot\
PATH=C:\Program Files\Common Files\Oracle\Java\javapath;C:\Program Files (x86)\Common Files\Oracle\Java\javapath;C:\Program Files\Eclipse Adoptium\jdk-17.0.5.8-hotspot\bin;C:\windows\system32;C:\windows;C:\windows\System32\Wbem;C:\windows\System32\WindowsPowerShell\v1.0\;C:\windows\System32\OpenSSH\;C:\Program Files (x86)\NVIDIA Corporation\PhysX\Common;C:\WINDOWS\system32;C:\WINDOWS;C:\WINDOWS\System32\Wbem;C:\WINDOWS\System32\WindowsPowerShell\v1.0\;C:\WINDOWS\System32\OpenSSH\;C:\composer;C:\Program Files\nodejs\;C:\Program Files (x86)\Intel\Intel(R) Management Engine Components\DAL;C:\Program Files\Intel\Intel(R) Management Engine Components\DAL;C:\Users\flala\Documents\HFTM\Maven\apache-maven-3.8.7\bin;C:\Program Files\Git\cmd;C:\Program Files\PuTTY\;C:\Program Files\Docker\Docker\resources\bin;C:\Users\flala\AppData\Local\Programs\Python\Python311\Scripts\;C:\Users\flala\AppData\Local\Programs\Python\Python311\;C:\Users\flala\AppData\Local\Microsoft\WindowsApps;C:\Program Files\JetBrains\IntelliJ IDEA Community Edition 2021.2.3\bin;C:\xampp\php;C:\xampp\mysql\bin;C:\Users\flala\AppData\Roaming\Composer\vendor\bin;C:\Users\flala\AppData\Local\atom\bin;C:\Users\flala\AppData\Roaming\npm;C:\Users\flala\AppData\Roaming\npm;C:\Users\flala\AppData\Local\Programs\Microsoft VS Code\bin;C:\Program Files\sqlcl\bin;
USERNAME=flala
LANG=en_US.UTF-8
OS=Windows_NT
PROCESSOR_IDENTIFIER=Intel64 Family 6 Model 142 Stepping 12, GenuineIntel
TMP=C:\Users\flala\AppData\Local\Temp
TEMP=C:\Users\flala\AppData\Local\Temp



---------------  S Y S T E M  ---------------

OS:
 Windows 10 , 64 bit Build 19041 (10.0.19041.2546)
OS uptime: 23 days 4:07 hours
Hyper-V role detected

CPU: total 8 (initial active 8) (4 cores per cpu, 2 threads per core) family 6 model 142 stepping 12 microcode 0xec, cx8, cmov, fxsr, ht, mmx, 3dnowpref, sse, sse2, sse3, ssse3, sse4.1, sse4.2, popcnt, lzcnt, tsc, tscinvbit, avx, avx2, aes, erms, clmul, bmi1, bmi2, adx, fma, vzeroupper, clflush, clflushopt, hv

Memory: 4k page, system-wide physical 16254M (2491M free)
TotalPageFile size 16254M (AvailPageFile size 59M)
current process WorkingSet (physical memory assigned to process): 151M, peak: 151M
current process commit charge ("private bytes"): 417M, peak: 417M

vm_info: OpenJDK 64-Bit Server VM (17.0.7+7) for windows-amd64 JRE (17.0.7+7), built on Apr 18 2023 22:10:42 by "temurin" with MS VC++ 16.7 (VS2019)

END.
